model-1579134871,1579134872.583,0.43,0.25,0.56,0.25
model-1579134871,1579134872.661,0.55,0.25,0.52,0.25
model-1579134871,1579134872.738,0.44,0.26,0.5,0.25
model-1579134871,1579134872.814,0.51,0.25,0.53,0.25
model-1579134871,1579134872.885,0.5,0.25,0.48,0.25
model-1579134871,1579134872.962,0.53,0.25,0.47,0.25
model-1579134871,1579134873.04,0.51,0.25,0.46,0.25
model-1579134871,1579134873.115,0.49,0.25,0.43,0.25
model-1579134871,1579134873.186,0.52,0.25,0.5,0.25
model-1579134871,1579134873.265,0.43,0.25,0.47,0.25
model-1579134871,1579134873.342,0.48,0.25,0.43,0.25
model-1579134871,1579134873.417,0.48,0.25,0.53,0.25
model-1579134871,1579134873.488,0.61,0.25,0.5,0.25
model-1579134871,1579134873.571,0.48,0.25,0.52,0.25
model-1579134871,1579134873.647,0.53,0.25,0.52,0.25
model-1579134871,1579134873.718,0.53,0.25,0.58,0.25
model-1579134871,1579134873.788,0.48,0.25,0.49,0.25
model-1579134871,1579134873.864,0.5,0.25,0.43,0.25
model-1579134871,1579134873.939,0.61,0.25,0.5,0.25
model-1579134871,1579134874.012,0.48,0.25,0.51,0.25
model-1579134871,1579134874.085,0.51,0.25,0.5,0.25
model-1579134871,1579134874.155,0.47,0.25,0.47,0.25
model-1579134871,1579134874.232,0.45,0.25,0.49,0.25
model-1579134871,1579134874.325,0.49,0.25,0.42,0.25
model-1579134871,1579134874.419,0.44,0.25,0.55,0.25
model-1579134871,1579134874.495,0.51,0.25,0.57,0.25
model-1579134871,1579134874.568,0.58,0.25,0.57,0.25
model-1579134871,1579134874.643,0.48,0.25,0.5,0.25
model-1579134871,1579134874.715,0.51,0.25,0.49,0.25
model-1579134871,1579134874.785,0.51,0.25,0.56,0.25
model-1579134871,1579134874.859,0.54,0.25,0.5,0.25
model-1579134871,1579134874.974,0.45,0.25,0.49,0.25
model-1579134871,1579134875.071,0.53,0.25,0.49,0.25
model-1579134871,1579134875.168,0.54,0.25,0.59,0.24
model-1579134871,1579134875.243,0.55,0.25,0.56,0.25
model-1579134871,1579134875.316,0.5,0.25,0.48,0.25
model-1579134871,1579134875.388,0.62,0.24,0.48,0.25
model-1579134871,1579134875.464,0.46,0.25,0.51,0.25
model-1579134871,1579134875.539,0.56,0.25,0.57,0.24
model-1579134871,1579134875.613,0.61,0.24,0.59,0.24
model-1579134871,1579134875.707,0.6,0.24,0.58,0.25
model-1579134871,1579134875.782,0.48,0.24,0.57,0.26
model-1579134871,1579134875.854,0.59,0.25,0.58,0.24
model-1579134871,1579134875.932,0.59,0.25,0.6,0.25
model-1579134871,1579134876.025,0.5,0.25,0.59,0.25
model-1579134871,1579134876.12,0.54,0.24,0.6,0.24
model-1579134871,1579134876.213,0.5,0.24,0.5,0.25
model-1579134871,1579134876.284,0.57,0.25,0.53,0.25
model-1579134871,1579134876.355,0.6,0.24,0.52,0.25
model-1579134871,1579134876.452,0.51,0.24,0.62,0.24
model-1579134871,1579134876.565,0.5,0.24,0.54,0.24
model-1579134871,1579134876.68,0.47,0.25,0.5,0.25
model-1579134871,1579134876.773,0.59,0.24,0.61,0.24
model-1579134871,1579134876.869,0.48,0.25,0.47,0.25
model-1579134871,1579134876.945,0.59,0.24,0.61,0.25
model-1579134871,1579134877.019,0.5,0.24,0.63,0.24
model-1579134871,1579134877.089,0.56,0.25,0.59,0.24
model-1579134871,1579134877.166,0.55,0.25,0.6,0.24
model-1579134871,1579134877.239,0.5,0.24,0.53,0.25
model-1579134871,1579134877.313,0.46,0.24,0.52,0.25
model-1579134871,1579134877.383,0.6,0.24,0.58,0.24
model-1579134871,1579134877.478,0.56,0.25,0.59,0.25
model-1579134871,1579134877.55,0.56,0.25,0.54,0.26
model-1579134871,1579134877.644,0.46,0.25,0.57,0.24
model-1579134871,1579134877.717,0.55,0.24,0.57,0.25
model-1579134871,1579134877.823,0.56,0.24,0.62,0.25
model-1579134871,1579134877.917,0.54,0.24,0.51,0.24
model-1579134871,1579134878.011,0.59,0.23,0.48,0.26
model-1579134871,1579134878.105,0.53,0.24,0.49,0.26
model-1579134871,1579134878.181,0.5,0.25,0.57,0.24
model-1579134871,1579134878.274,0.58,0.23,0.59,0.25
model-1579134871,1579134878.349,0.6,0.23,0.55,0.24
model-1579134871,1579134878.421,0.52,0.25,0.55,0.26
model-1579134871,1579134878.493,0.52,0.25,0.48,0.26
model-1579134871,1579134878.568,0.55,0.24,0.56,0.25
model-1579134871,1579134878.656,0.47,0.26,0.57,0.24
model-1579134871,1579134878.744,0.48,0.24,0.62,0.24
model-1579134871,1579134878.819,0.62,0.24,0.67,0.24
model-1579134871,1579134878.891,0.68,0.24,0.48,0.26
model-1579134871,1579134878.968,0.49,0.25,0.5,0.25
model-1579134871,1579134879.044,0.6,0.24,0.54,0.24
model-1579134871,1579134879.119,0.51,0.25,0.55,0.25
model-1579134871,1579134879.19,0.63,0.23,0.58,0.24
model-1579134871,1579134879.267,0.55,0.24,0.61,0.24
model-1579134871,1579134879.343,0.49,0.25,0.59,0.23
model-1579134871,1579134879.419,0.66,0.24,0.47,0.26
model-1579134871,1579134879.49,0.58,0.24,0.53,0.24
model-1579134871,1579134879.561,0.57,0.25,0.56,0.24
model-1579134871,1579134879.638,0.46,0.24,0.55,0.26
model-1579134871,1579134879.715,0.5,0.25,0.51,0.26
model-1579134871,1579134879.787,0.6,0.24,0.53,0.25
model-1579134871,1579134879.862,0.57,0.24,0.55,0.24
model-1579134871,1579134879.938,0.66,0.23,0.59,0.24
model-1579134871,1579134880.013,0.61,0.23,0.59,0.24
model-1579134871,1579134880.088,0.54,0.24,0.65,0.22
model-1579134871,1579134880.16,0.55,0.25,0.61,0.24
model-1579134871,1579134880.237,0.54,0.25,0.53,0.24
model-1579134871,1579134880.314,0.65,0.23,0.65,0.23
model-1579134871,1579134880.389,0.63,0.23,0.56,0.25
model-1579134871,1579134880.467,0.54,0.24,0.63,0.23
model-1579134871,1579134880.555,0.63,0.24,0.69,0.22
model-1579134871,1579134880.648,0.59,0.24,0.61,0.24
model-1579134871,1579134880.72,0.62,0.23,0.66,0.22
model-1579134871,1579134880.792,0.58,0.25,0.65,0.22
model-1579134871,1579134880.864,0.6,0.24,0.59,0.23
model-1579134871,1579134880.939,0.61,0.24,0.7,0.22
model-1579134871,1579134881.014,0.57,0.24,0.63,0.23
model-1579134871,1579134881.088,0.66,0.22,0.63,0.22
model-1579134871,1579134881.158,0.6,0.23,0.61,0.24
model-1579134871,1579134881.234,0.57,0.23,0.59,0.24
model-1579134871,1579134881.307,0.66,0.21,0.54,0.25
model-1579134871,1579134881.384,0.56,0.24,0.63,0.22
model-1579134871,1579134881.475,0.65,0.23,0.66,0.21
model-1579134871,1579134881.55,0.55,0.25,0.68,0.21
model-1579134871,1579134881.622,0.66,0.23,0.68,0.22
model-1579134871,1579134881.693,0.64,0.22,0.59,0.24
model-1579134871,1579134881.766,0.61,0.23,0.69,0.2
model-1579134871,1579134881.842,0.78,0.19,0.57,0.23
model-1579134871,1579134881.917,0.61,0.23,0.61,0.23
model-1579134871,1579134881.998,0.55,0.25,0.59,0.25
model-1579134871,1579134882.077,0.61,0.24,0.54,0.26
model-1579134871,1579134882.151,0.48,0.26,0.56,0.26
model-1579134871,1579134882.244,0.61,0.24,0.71,0.21
model-1579134871,1579134882.318,0.62,0.23,0.67,0.23
model-1579134871,1579134882.39,0.6,0.24,0.63,0.23
model-1579134871,1579134882.488,0.59,0.25,0.65,0.23
model-1579134871,1579134882.584,0.62,0.22,0.71,0.22
model-1579134871,1579134882.656,0.58,0.23,0.63,0.23
model-1579134871,1579134882.726,0.59,0.23,0.6,0.23
model-1579134871,1579134882.81,0.68,0.23,0.64,0.22
model-1579134871,1579134882.903,0.66,0.23,0.6,0.22
model-1579134871,1579134882.995,0.69,0.21,0.6,0.24
model-1579134871,1579134883.112,0.56,0.24,0.53,0.25
model-1579134871,1579134883.225,0.62,0.23,0.65,0.22
model-1579134871,1579134883.339,0.6,0.24,0.71,0.21
model-1579134871,1579134883.429,0.63,0.22,0.55,0.25
model-1579134871,1579134883.504,0.64,0.23,0.7,0.22
model-1579134871,1579134883.58,0.66,0.23,0.57,0.25
model-1579134871,1579134883.674,0.55,0.26,0.71,0.2
model-1579134871,1579134883.751,0.61,0.22,0.61,0.24
model-1579134871,1579134883.823,0.6,0.24,0.63,0.24
model-1579134871,1579134883.894,0.57,0.24,0.63,0.22
model-1579134871,1579134883.97,0.54,0.25,0.53,0.25
model-1579134871,1579134884.045,0.6,0.24,0.58,0.24
model-1579134871,1579134884.118,0.64,0.22,0.61,0.23
model-1579134871,1579134884.231,0.6,0.22,0.64,0.21
model-1579134871,1579134884.325,0.57,0.24,0.55,0.24
model-1579134871,1579134884.4,0.55,0.26,0.6,0.24
model-1579134871,1579134884.489,0.62,0.23,0.6,0.23
model-1579134871,1579134884.6,0.53,0.25,0.63,0.22
model-1579134871,1579134884.685,0.63,0.24,0.56,0.24
model-1579134871,1579134884.779,0.63,0.22,0.6,0.25
model-1579134871,1579134884.873,0.53,0.25,0.52,0.25
model-1579134871,1579134884.951,0.38,0.29,0.57,0.24
model-1579134871,1579134885.024,0.6,0.23,0.54,0.24
model-1579134871,1579134885.096,0.68,0.24,0.5,0.25
model-1579134871,1579134885.171,0.56,0.24,0.62,0.24
model-1579134871,1579134885.264,0.6,0.24,0.65,0.23
model-1579134871,1579134885.357,0.58,0.24,0.59,0.24
model-1579134871,1579134885.428,0.67,0.23,0.66,0.23
model-1579134871,1579134885.498,0.58,0.24,0.55,0.24
model-1579134871,1579134885.575,0.6,0.24,0.56,0.24
model-1579134871,1579134885.668,0.65,0.23,0.64,0.23
model-1579134871,1579134885.762,0.66,0.23,0.61,0.24
model-1579134871,1579134885.876,0.59,0.23,0.59,0.25
model-1579134871,1579134885.951,0.66,0.23,0.61,0.24
model-1579134871,1579134886.043,0.57,0.24,0.72,0.21
model-1579134871,1579134886.117,0.68,0.23,0.66,0.22
model-1579134871,1579134886.209,0.63,0.23,0.65,0.23
model-1579134871,1579134886.286,0.68,0.23,0.6,0.24
model-1579134871,1579134886.376,0.64,0.23,0.59,0.24
model-1579134871,1579134886.467,0.69,0.23,0.69,0.22
model-1579134871,1579134886.557,0.58,0.24,0.63,0.23
model-1579134871,1579134886.628,0.59,0.22,0.61,0.24
model-1579134871,1579134886.695,0.63,0.23,0.62,0.23
model-1579134871,1579134886.765,0.63,0.22,0.66,0.23
model-1579134871,1579134886.835,0.63,0.23,0.61,0.24
model-1579134871,1579134886.927,0.65,0.22,0.69,0.21
model-1579134871,1579134886.997,0.58,0.23,0.61,0.23
model-1579134871,1579134887.066,0.66,0.21,0.69,0.2
model-1579134871,1579134887.156,0.67,0.2,0.54,0.27
model-1579134871,1579134887.248,0.65,0.22,0.64,0.22
model-1579134871,1579134887.321,0.6,0.24,0.69,0.21
model-1579134871,1579134887.391,0.69,0.22,0.57,0.24
model-1579134871,1579134887.46,0.66,0.21,0.6,0.25
model-1579134871,1579134887.529,0.66,0.21,0.57,0.24
model-1579134871,1579134887.597,0.53,0.25,0.54,0.24
model-1579134871,1579134887.666,0.61,0.24,0.65,0.23
model-1579134871,1579134887.744,0.6,0.23,0.62,0.24
model-1579134871,1579134887.819,0.59,0.23,0.61,0.24
model-1579134871,1579134887.891,0.53,0.26,0.59,0.25
model-1579134871,1579134887.963,0.62,0.22,0.57,0.25
model-1579134871,1579134888.031,0.54,0.26,0.58,0.25
model-1579134871,1579134888.099,0.58,0.22,0.53,0.24
model-1579134871,1579134888.166,0.67,0.22,0.65,0.23
model-1579134871,1579134888.235,0.63,0.23,0.62,0.23
model-1579134871,1579134888.307,0.6,0.24,0.62,0.23
model-1579134871,1579134888.381,0.54,0.26,0.54,0.25
model-1579134871,1579134888.452,0.54,0.24,0.56,0.24
model-1579134871,1579134888.526,0.65,0.23,0.65,0.23
model-1579134871,1579134888.593,0.64,0.23,0.61,0.24
model-1579134871,1579134888.663,0.67,0.23,0.62,0.24
model-1579134871,1579134888.732,0.66,0.22,0.59,0.24
model-1579134871,1579134888.822,0.52,0.25,0.61,0.23
model-1579134871,1579134888.912,0.64,0.23,0.71,0.21
model-1579134871,1579134888.999,0.55,0.24,0.62,0.23
model-1579134871,1579134889.076,0.61,0.24,0.59,0.24
model-1579134871,1579134889.151,0.7,0.21,0.61,0.23
model-1579134871,1579134889.226,0.69,0.21,0.62,0.22
model-1579134871,1579134889.301,0.76,0.2,0.56,0.25
model-1579134871,1579134889.374,0.63,0.22,0.64,0.22
model-1579134871,1579134889.445,0.56,0.25,0.64,0.22
model-1579134871,1579134889.525,0.66,0.22,0.68,0.21
model-1579134871,1579134889.613,0.66,0.21,0.59,0.24
model-1579134871,1579134889.682,0.75,0.2,0.71,0.2
model-1579134871,1579134889.755,0.62,0.23,0.58,0.25
model-1579134871,1579134889.824,0.71,0.2,0.73,0.2
model-1579134871,1579134889.902,0.62,0.24,0.56,0.26
model-1579134871,1579134889.973,0.66,0.22,0.63,0.22
model-1579134871,1579134890.043,0.59,0.24,0.62,0.22
model-1579134871,1579134890.114,0.55,0.25,0.51,0.26
model-1579134871,1579134890.182,0.56,0.26,0.58,0.24
model-1579134871,1579134890.251,0.54,0.25,0.55,0.25
model-1579134871,1579134890.328,0.62,0.23,0.59,0.25
model-1579134871,1579134890.382,0.58,0.22,0.62,0.24
model-1579134871,1579134890.476,0.52,0.26,0.74,0.2
model-1579134871,1579134890.548,0.59,0.24,0.64,0.23
model-1579134871,1579134890.617,0.64,0.22,0.54,0.25
model-1579134871,1579134890.686,0.57,0.23,0.63,0.23
model-1579134871,1579134890.776,0.57,0.24,0.73,0.21
model-1579134871,1579134890.879,0.66,0.23,0.63,0.22
model-1579134871,1579134890.967,0.68,0.22,0.59,0.24
model-1579134871,1579134891.057,0.71,0.21,0.55,0.24
model-1579134871,1579134891.133,0.56,0.23,0.69,0.21
model-1579134871,1579134891.205,0.6,0.23,0.55,0.24
model-1579134871,1579134891.278,0.56,0.25,0.61,0.23
model-1579134871,1579134891.346,0.57,0.24,0.59,0.24
model-1579134871,1579134891.416,0.58,0.24,0.71,0.21
model-1579134871,1579134891.484,0.65,0.23,0.58,0.24
model-1579134871,1579134891.575,0.64,0.23,0.73,0.21
model-1579134871,1579134891.668,0.57,0.23,0.55,0.23
model-1579134871,1579134891.759,0.59,0.24,0.72,0.22
model-1579134871,1579134891.847,0.62,0.23,0.61,0.24
model-1579134871,1579134891.937,0.68,0.21,0.71,0.21
model-1579134871,1579134892.028,0.61,0.23,0.73,0.2
model-1579134871,1579134892.103,0.68,0.22,0.66,0.22
model-1579134871,1579134892.175,0.68,0.21,0.69,0.21
model-1579134871,1579134892.244,0.59,0.24,0.66,0.23
model-1579134871,1579134892.313,0.65,0.22,0.65,0.22
model-1579134871,1579134892.381,0.63,0.22,0.65,0.22
model-1579134871,1579134892.448,0.63,0.23,0.65,0.22
model-1579134871,1579134892.517,0.68,0.21,0.66,0.21
model-1579134871,1579134892.584,0.64,0.23,0.71,0.2
model-1579134871,1579134892.654,0.61,0.23,0.62,0.24
model-1579134871,1579134892.728,0.72,0.19,0.6,0.24
model-1579134871,1579134892.815,0.61,0.23,0.58,0.23
model-1579134871,1579134892.906,0.68,0.21,0.64,0.22
model-1579134871,1579134892.978,0.74,0.19,0.69,0.2
model-1579134871,1579134893.047,0.67,0.19,0.63,0.23
model-1579134871,1579134893.138,0.63,0.22,0.62,0.23
model-1579134871,1579134893.237,0.62,0.24,0.58,0.23
model-1579134871,1579134893.308,0.65,0.22,0.64,0.21
model-1579134871,1579134893.378,0.58,0.25,0.68,0.21
model-1579134871,1579134893.468,0.72,0.19,0.64,0.23
model-1579134871,1579134893.573,0.69,0.21,0.64,0.24
model-1579134871,1579134893.651,0.67,0.2,0.67,0.21
model-1579134871,1579134893.719,0.74,0.18,0.62,0.24
model-1579134871,1579134893.807,0.7,0.21,0.55,0.25
model-1579134871,1579134893.912,0.66,0.21,0.65,0.21
model-1579134871,1579134893.983,0.7,0.19,0.59,0.23
model-1579134871,1579134894.051,0.64,0.22,0.69,0.22
model-1579134871,1579134894.139,0.55,0.24,0.66,0.21
model-1579134871,1579134894.245,0.66,0.2,0.65,0.23
model-1579134871,1579134894.337,0.62,0.22,0.66,0.22
model-1579134871,1579134894.41,0.62,0.22,0.71,0.2
model-1579134871,1579134894.482,0.66,0.22,0.73,0.18
model-1579134871,1579134894.551,0.66,0.21,0.59,0.23
model-1579134871,1579134894.645,0.75,0.18,0.66,0.21
model-1579134871,1579134894.738,0.56,0.26,0.64,0.23
model-1579134871,1579134894.81,0.73,0.19,0.59,0.22
model-1579134871,1579134894.884,0.53,0.26,0.59,0.23
model-1579134871,1579134894.958,0.64,0.23,0.61,0.24
model-1579134871,1579134895.035,0.61,0.24,0.63,0.21
model-1579134871,1579134895.11,0.7,0.22,0.65,0.21
model-1579134871,1579134895.184,0.7,0.2,0.74,0.2
model-1579134871,1579134895.257,0.68,0.2,0.65,0.24
model-1579134871,1579134895.333,0.7,0.22,0.71,0.21
model-1579134871,1579134895.42,0.58,0.23,0.62,0.23
model-1579134871,1579134895.498,0.57,0.24,0.7,0.21
model-1579134871,1579134895.575,0.65,0.22,0.55,0.23
model-1579134871,1579134895.649,0.68,0.2,0.59,0.24
model-1579134871,1579134895.74,0.75,0.19,0.63,0.22
model-1579134871,1579134895.812,0.66,0.21,0.57,0.24
model-1579134871,1579134895.888,0.68,0.21,0.61,0.23
model-1579134871,1579134895.963,0.5,0.25,0.67,0.22
model-1579134871,1579134896.041,0.76,0.17,0.66,0.22
model-1579134871,1579134896.117,0.68,0.21,0.75,0.2
model-1579134871,1579134896.189,0.63,0.22,0.75,0.19
model-1579134871,1579134896.283,0.55,0.23,0.75,0.2
model-1579134871,1579134896.378,0.71,0.21,0.58,0.24
model-1579134871,1579134896.491,0.54,0.24,0.57,0.25
model-1579134871,1579134896.587,0.63,0.23,0.6,0.22
model-1579134871,1579134896.685,0.63,0.22,0.61,0.24
model-1579134871,1579134896.759,0.64,0.22,0.58,0.24
model-1579134871,1579134896.834,0.65,0.21,0.71,0.2
model-1579134871,1579134896.909,0.74,0.19,0.64,0.23
model-1579134871,1579134896.984,0.62,0.24,0.73,0.2
model-1579134871,1579134897.059,0.63,0.21,0.64,0.22
model-1579134871,1579134897.14,0.7,0.2,0.59,0.24
model-1579134871,1579134897.235,0.67,0.2,0.63,0.23
model-1579134871,1579134897.322,0.64,0.21,0.6,0.24
model-1579134871,1579134897.402,0.65,0.21,0.67,0.2
model-1579134871,1579134897.494,0.62,0.23,0.65,0.22
model-1579134871,1579134897.571,0.72,0.19,0.71,0.19
model-1579134871,1579134897.644,0.61,0.22,0.6,0.25
model-1579134871,1579134897.717,0.71,0.21,0.64,0.21
model-1579134871,1579134897.79,0.65,0.22,0.67,0.2
model-1579134871,1579134897.865,0.69,0.21,0.69,0.2
model-1579134871,1579134897.94,0.67,0.2,0.72,0.21
model-1579134871,1579134898.015,0.67,0.22,0.63,0.21
model-1579134871,1579134898.089,0.7,0.22,0.75,0.19
model-1579134871,1579134898.185,0.58,0.23,0.67,0.2
model-1579134871,1579134898.276,0.67,0.21,0.64,0.21
model-1579134871,1579134898.371,0.73,0.19,0.65,0.22
model-1579134871,1579134898.467,0.59,0.24,0.76,0.19
model-1579134871,1579134898.541,0.61,0.22,0.71,0.22
model-1579134871,1579134898.616,0.75,0.2,0.68,0.21
model-1579134871,1579134898.709,0.69,0.2,0.73,0.21
model-1579134871,1579134898.783,0.65,0.23,0.67,0.21
model-1579134871,1579134898.853,0.61,0.24,0.69,0.2
model-1579134871,1579134898.924,0.66,0.22,0.64,0.22
model-1579134871,1579134899.0,0.65,0.21,0.74,0.19
model-1579134871,1579134899.074,0.74,0.2,0.71,0.19
model-1579134871,1579134899.15,0.66,0.21,0.63,0.22
model-1579134871,1579134899.22,0.68,0.21,0.62,0.23
model-1579134871,1579134899.315,0.75,0.2,0.67,0.22
model-1579134871,1579134899.429,0.65,0.23,0.73,0.19
model-1579134871,1579134899.515,0.68,0.2,0.7,0.2
model-1579134871,1579134899.586,0.65,0.22,0.65,0.21
model-1579134871,1579134899.681,0.63,0.23,0.57,0.23
model-1579134871,1579134899.794,0.65,0.21,0.63,0.22
model-1579134871,1579134899.877,0.67,0.21,0.6,0.22
model-1579134871,1579134899.951,0.75,0.18,0.62,0.23
model-1579134871,1579134900.026,0.66,0.22,0.79,0.18
model-1579134871,1579134900.101,0.67,0.21,0.62,0.24
model-1579134871,1579134900.176,0.61,0.23,0.66,0.22
model-1579134871,1579134900.25,0.66,0.23,0.6,0.24
model-1579134871,1579134900.322,0.7,0.21,0.66,0.22
model-1579134871,1579134900.417,0.64,0.21,0.71,0.19
model-1579134871,1579134900.489,0.67,0.22,0.73,0.2
model-1579134871,1579134900.56,0.71,0.21,0.7,0.2
model-1579134871,1579134900.638,0.72,0.2,0.64,0.22
model-1579134871,1579134900.714,0.65,0.21,0.65,0.21
model-1579134871,1579134900.788,0.62,0.21,0.66,0.22
model-1579134871,1579134900.881,0.72,0.19,0.59,0.23
model-1579134871,1579134900.976,0.73,0.19,0.64,0.22
model-1579134871,1579134901.071,0.69,0.19,0.67,0.22
model-1579134871,1579134901.148,0.66,0.22,0.65,0.21
model-1579134871,1579134901.22,0.69,0.21,0.65,0.21
model-1579134871,1579134901.293,0.65,0.22,0.72,0.18
model-1579134871,1579134901.367,0.72,0.21,0.66,0.22
model-1579134871,1579134901.443,0.65,0.21,0.61,0.24
model-1579134871,1579134901.517,0.69,0.2,0.71,0.19
model-1579134871,1579134901.59,0.58,0.24,0.63,0.21
model-1579134871,1579134901.661,0.7,0.19,0.65,0.23
model-1579134871,1579134901.735,0.62,0.24,0.66,0.2
model-1579134871,1579134901.81,0.67,0.23,0.58,0.23
model-1579134871,1579134901.885,0.58,0.26,0.69,0.2
model-1579134871,1579134901.957,0.67,0.2,0.63,0.23
model-1579134871,1579134902.054,0.71,0.19,0.74,0.19
model-1579134871,1579134902.15,0.61,0.21,0.75,0.18
model-1579134871,1579134902.225,0.57,0.22,0.64,0.23
model-1579134871,1579134902.295,0.61,0.24,0.66,0.22
model-1579134871,1579134902.372,0.7,0.2,0.62,0.23
model-1579134871,1579134902.447,0.69,0.21,0.71,0.2
model-1579134871,1579134902.543,0.71,0.2,0.6,0.23
model-1579134871,1579134902.616,0.68,0.21,0.63,0.23
model-1579134871,1579134902.69,0.56,0.25,0.7,0.21
model-1579134871,1579134902.759,0.61,0.24,0.67,0.22
model-1579134871,1579134902.83,0.7,0.21,0.69,0.22
model-1579134871,1579134902.909,0.72,0.19,0.7,0.21
model-1579134871,1579134902.985,0.64,0.23,0.65,0.21
model-1579134871,1579134903.059,0.62,0.22,0.74,0.19
model-1579134871,1579134903.13,0.7,0.19,0.65,0.21
model-1579134871,1579134903.205,0.62,0.22,0.69,0.21
model-1579134871,1579134903.283,0.7,0.21,0.65,0.23
model-1579134871,1579134903.356,0.62,0.21,0.59,0.22
model-1579134871,1579134903.456,0.56,0.23,0.6,0.24
model-1579134871,1579134903.545,0.59,0.23,0.66,0.2
model-1579134871,1579134903.622,0.63,0.22,0.71,0.19
model-1579134871,1579134903.699,0.7,0.21,0.72,0.19
model-1579134871,1579134903.777,0.74,0.19,0.63,0.21
model-1579134871,1579134903.852,0.71,0.2,0.77,0.19
model-1579134871,1579134903.943,0.66,0.21,0.71,0.19
model-1579134871,1579134904.019,0.69,0.2,0.68,0.21
model-1579134871,1579134904.091,0.66,0.21,0.69,0.22
model-1579134871,1579134904.162,0.71,0.19,0.73,0.19
model-1579134871,1579134904.256,0.61,0.21,0.69,0.2
model-1579134871,1579134904.351,0.59,0.23,0.73,0.19
model-1579134871,1579134904.429,0.73,0.19,0.68,0.2
model-1579134871,1579134904.505,0.7,0.2,0.72,0.21
model-1579134871,1579134904.598,0.69,0.22,0.72,0.2
model-1579134871,1579134904.693,0.71,0.2,0.68,0.21
model-1579134871,1579134904.764,0.69,0.21,0.64,0.22
model-1579134871,1579134904.839,0.75,0.18,0.61,0.24
model-1579134871,1579134904.915,0.8,0.17,0.69,0.23
model-1579134871,1579134904.988,0.73,0.19,0.66,0.2
model-1579134871,1579134905.06,0.73,0.18,0.75,0.19
model-1579134871,1579134905.13,0.69,0.21,0.71,0.19
model-1579134871,1579134905.206,0.79,0.17,0.7,0.19
model-1579134871,1579134905.281,0.78,0.17,0.68,0.2
model-1579134871,1579134905.374,0.66,0.22,0.64,0.23
model-1579134871,1579134905.467,0.69,0.21,0.66,0.2
model-1579134871,1579134905.543,0.76,0.18,0.61,0.22
model-1579134871,1579134905.619,0.76,0.19,0.55,0.28
model-1579134871,1579134905.692,0.59,0.26,0.6,0.23
model-1579134871,1579134905.762,0.73,0.18,0.73,0.19
model-1579134871,1579134905.834,0.7,0.21,0.69,0.21
model-1579134871,1579134905.91,0.72,0.18,0.64,0.22
model-1579134871,1579134905.986,0.62,0.25,0.59,0.24
model-1579134871,1579134906.079,0.69,0.21,0.76,0.16
model-1579134871,1579134906.156,0.75,0.18,0.71,0.2
model-1579134871,1579134906.229,0.72,0.2,0.61,0.22
model-1579134871,1579134906.325,0.68,0.19,0.6,0.25
model-1579134871,1579134906.415,0.61,0.2,0.64,0.22
model-1579134871,1579134906.492,0.68,0.21,0.69,0.2
model-1579134871,1579134906.563,0.65,0.21,0.61,0.23
model-1579134871,1579134906.639,0.72,0.18,0.64,0.22
model-1579134871,1579134906.715,0.62,0.22,0.72,0.19
model-1579134871,1579134906.789,0.62,0.24,0.59,0.23
model-1579134871,1579134906.883,0.66,0.22,0.61,0.22
model-1579134871,1579134906.958,0.6,0.22,0.76,0.17
model-1579134871,1579134907.03,0.76,0.17,0.78,0.17
model-1579134871,1579134907.106,0.77,0.19,0.74,0.18
model-1579134871,1579134907.182,0.76,0.17,0.69,0.21
model-1579134871,1579134907.278,0.66,0.21,0.7,0.21
model-1579134871,1579134907.374,0.6,0.24,0.64,0.23
model-1579134871,1579134907.473,0.72,0.2,0.71,0.2
model-1579134871,1579134907.558,0.7,0.2,0.74,0.19
model-1579134871,1579134907.629,0.78,0.18,0.69,0.2
model-1579134871,1579134907.699,0.76,0.19,0.63,0.22
model-1579134871,1579134907.794,0.73,0.18,0.66,0.2
model-1579134871,1579134907.909,0.68,0.21,0.69,0.21
model-1579134871,1579134907.985,0.74,0.19,0.74,0.19
model-1579134871,1579134908.058,0.75,0.18,0.71,0.2
model-1579134871,1579134908.151,0.68,0.2,0.72,0.18
model-1579134871,1579134908.243,0.68,0.2,0.74,0.19
model-1579134871,1579134908.32,0.71,0.19,0.66,0.21
model-1579134871,1579134908.393,0.77,0.17,0.77,0.17
model-1579134871,1579134908.474,0.71,0.2,0.71,0.21
model-1579134871,1579134908.569,0.55,0.27,0.74,0.17
model-1579134871,1579134908.661,0.67,0.19,0.68,0.21
model-1579134871,1579134908.733,0.66,0.21,0.71,0.18
model-1579134871,1579134908.827,0.74,0.18,0.69,0.2
model-1579134871,1579134908.899,0.64,0.22,0.59,0.24
model-1579134871,1579134908.974,0.69,0.21,0.65,0.23
model-1579134871,1579134909.057,0.65,0.21,0.67,0.21
model-1579134871,1579134909.13,0.73,0.18,0.66,0.22
model-1579134871,1579134909.228,0.69,0.2,0.78,0.17
model-1579134871,1579134909.322,0.67,0.2,0.65,0.21
model-1579134871,1579134909.394,0.62,0.23,0.65,0.22
model-1579134871,1579134909.488,0.63,0.22,0.66,0.21
model-1579134871,1579134909.563,0.73,0.2,0.66,0.22
model-1579134871,1579134909.635,0.6,0.22,0.65,0.22
model-1579134871,1579134909.711,0.71,0.21,0.71,0.19
model-1579134871,1579134909.784,0.6,0.22,0.7,0.2
model-1579134871,1579134909.877,0.64,0.22,0.62,0.21
model-1579134871,1579134909.95,0.76,0.18,0.69,0.19
model-1579134871,1579134910.047,0.73,0.18,0.65,0.2
model-1579134871,1579134910.146,0.7,0.2,0.62,0.22
model-1579134871,1579134910.229,0.65,0.2,0.68,0.2
model-1579134871,1579134910.327,0.71,0.19,0.69,0.19
model-1579134871,1579134910.418,0.62,0.24,0.76,0.17
model-1579134871,1579134910.493,0.77,0.19,0.68,0.21
model-1579134871,1579134910.573,0.7,0.2,0.66,0.2
model-1579134871,1579134910.659,0.73,0.2,0.68,0.21
model-1579134871,1579134910.736,0.73,0.18,0.71,0.2
model-1579134871,1579134910.809,0.78,0.17,0.73,0.18
model-1579134871,1579134910.881,0.71,0.2,0.67,0.19
model-1579134871,1579134910.951,0.8,0.17,0.67,0.21
model-1579134871,1579134911.047,0.68,0.2,0.71,0.19
model-1579134871,1579134911.14,0.73,0.17,0.72,0.19
model-1579134871,1579134911.229,0.73,0.17,0.69,0.21
model-1579134871,1579134911.303,0.73,0.15,0.65,0.2
model-1579134871,1579134911.398,0.71,0.21,0.74,0.19
model-1579134871,1579134911.493,0.66,0.21,0.65,0.22
model-1579134871,1579134911.571,0.71,0.2,0.75,0.17
model-1579134871,1579134911.646,0.64,0.23,0.69,0.22
model-1579134871,1579134911.742,0.79,0.15,0.74,0.17
model-1579134871,1579134911.842,0.69,0.18,0.67,0.23
model-1579134871,1579134911.927,0.73,0.18,0.7,0.19
model-1579134871,1579134912.004,0.74,0.16,0.72,0.19
model-1579134871,1579134912.078,0.69,0.19,0.73,0.17
model-1579134871,1579134912.148,0.73,0.18,0.78,0.18
model-1579134871,1579134912.243,0.74,0.15,0.74,0.17
model-1579134871,1579134912.354,0.69,0.21,0.79,0.16
model-1579134871,1579134912.431,0.64,0.22,0.64,0.23
model-1579134871,1579134912.505,0.69,0.19,0.71,0.21
model-1579134871,1579134912.6,0.68,0.21,0.71,0.19
model-1579134871,1579134912.715,0.72,0.21,0.74,0.19
model-1579134871,1579134912.805,0.66,0.23,0.67,0.19
model-1579134871,1579134912.878,0.62,0.23,0.78,0.17
model-1579134871,1579134912.949,0.8,0.16,0.71,0.18
model-1579134871,1579134913.039,0.67,0.22,0.7,0.2
model-1579134871,1579134913.111,0.84,0.15,0.71,0.19
model-1579134871,1579134913.182,0.63,0.22,0.7,0.2
model-1579134871,1579134913.255,0.69,0.21,0.75,0.18
model-1579134871,1579134913.327,0.66,0.23,0.68,0.2
model-1579134871,1579134913.402,0.72,0.19,0.66,0.19
model-1579134871,1579134913.475,0.76,0.17,0.72,0.21
model-1579134871,1579134913.548,0.67,0.18,0.73,0.18
model-1579134871,1579134913.619,0.68,0.22,0.65,0.23
model-1579134871,1579134913.714,0.62,0.24,0.61,0.22
model-1579134871,1579134913.808,0.69,0.2,0.69,0.2
model-1579134871,1579134913.882,0.71,0.19,0.73,0.18
model-1579134871,1579134913.954,0.74,0.17,0.7,0.18
model-1579134871,1579134914.03,0.74,0.19,0.64,0.22
model-1579134871,1579134914.105,0.77,0.18,0.71,0.19
model-1579134871,1579134914.18,0.69,0.19,0.73,0.18
model-1579134871,1579134914.25,0.66,0.2,0.66,0.2
model-1579134871,1579134914.322,0.77,0.17,0.77,0.17
model-1579134871,1579134914.398,0.78,0.16,0.71,0.2
model-1579134871,1579134914.477,0.7,0.2,0.74,0.19
model-1579134871,1579134914.547,0.64,0.21,0.78,0.16
model-1579134871,1579134914.619,0.78,0.16,0.67,0.22
model-1579134871,1579134914.689,0.72,0.2,0.72,0.21
model-1579134871,1579134914.765,0.68,0.21,0.68,0.22
model-1579134871,1579134914.858,0.71,0.19,0.78,0.16
model-1579134871,1579134914.962,0.72,0.18,0.79,0.16
model-1579134871,1579134915.055,0.72,0.18,0.72,0.19
model-1579134871,1579134915.15,0.77,0.17,0.68,0.21
model-1579134871,1579134915.244,0.7,0.2,0.81,0.16
model-1579134871,1579134915.317,0.76,0.16,0.73,0.17
model-1579134871,1579134915.387,0.79,0.15,0.68,0.2
model-1579134871,1579134915.464,0.75,0.17,0.69,0.19
model-1579134871,1579134915.539,0.75,0.16,0.7,0.19
model-1579134871,1579134915.637,0.71,0.19,0.73,0.19
model-1579134871,1579134915.719,0.63,0.23,0.69,0.2
model-1579134871,1579134915.8,0.71,0.18,0.7,0.21
model-1579134871,1579134915.877,0.68,0.19,0.73,0.17
model-1579134871,1579134915.951,0.71,0.19,0.76,0.16
model-1579134871,1579134916.033,0.67,0.21,0.69,0.2
model-1579134871,1579134916.125,0.75,0.17,0.71,0.19
model-1579134871,1579134916.201,0.68,0.2,0.69,0.19
model-1579134871,1579134916.276,0.68,0.21,0.73,0.18
model-1579134871,1579134916.35,0.75,0.17,0.78,0.16
model-1579134871,1579134916.422,0.68,0.19,0.75,0.18
model-1579134871,1579134916.491,0.72,0.18,0.69,0.21
model-1579134871,1579134916.565,0.71,0.18,0.72,0.2
model-1579134871,1579134916.639,0.68,0.2,0.74,0.18
model-1579134871,1579134916.716,0.63,0.21,0.74,0.19
model-1579134871,1579134916.802,0.69,0.19,0.78,0.17
model-1579134871,1579134916.876,0.71,0.18,0.69,0.19
model-1579134871,1579134916.949,0.67,0.2,0.72,0.18
model-1579134871,1579134917.021,0.67,0.22,0.75,0.18
model-1579134871,1579134917.117,0.66,0.2,0.69,0.2
model-1579134871,1579134917.188,0.77,0.17,0.7,0.19
model-1579134871,1579134917.259,0.71,0.18,0.68,0.18
model-1579134871,1579134917.336,0.69,0.19,0.74,0.18
model-1579134871,1579134917.41,0.77,0.16,0.69,0.2
model-1579134871,1579134917.483,0.72,0.18,0.79,0.15
model-1579134871,1579134917.554,0.67,0.2,0.71,0.17
model-1579134871,1579134917.626,0.8,0.17,0.74,0.19
model-1579134871,1579134917.7,0.69,0.22,0.67,0.2
model-1579134871,1579134917.793,0.73,0.2,0.69,0.21
model-1579134871,1579134917.886,0.7,0.18,0.71,0.21
model-1579134871,1579134917.978,0.7,0.19,0.67,0.22
model-1579134871,1579134918.073,0.72,0.17,0.74,0.16
model-1579134871,1579134918.148,0.72,0.19,0.71,0.18
model-1579134871,1579134918.218,0.76,0.17,0.74,0.17
model-1579134871,1579134918.314,0.71,0.21,0.78,0.17
model-1579134871,1579134918.409,0.69,0.21,0.72,0.17
model-1579134871,1579134918.484,0.81,0.15,0.71,0.2
model-1579134871,1579134918.577,0.79,0.15,0.66,0.2
model-1579134871,1579134918.672,0.73,0.2,0.73,0.19
model-1579134871,1579134918.747,0.73,0.18,0.68,0.2
model-1579134871,1579134918.832,0.73,0.19,0.73,0.17
model-1579134871,1579134918.918,0.78,0.16,0.72,0.17
model-1579134871,1579134918.99,0.72,0.18,0.76,0.18
model-1579134871,1579134919.066,0.79,0.16,0.72,0.18
model-1579134871,1579134919.142,0.73,0.17,0.75,0.17
model-1579134871,1579134919.216,0.8,0.16,0.73,0.18
model-1579134871,1579134919.309,0.68,0.2,0.72,0.2
model-1579134871,1579134919.383,0.79,0.17,0.73,0.19
model-1579134871,1579134919.46,0.66,0.21,0.73,0.17
model-1579134871,1579134919.547,0.69,0.21,0.76,0.18
model-1579134871,1579134919.623,0.75,0.17,0.71,0.22
model-1579134871,1579134919.694,0.71,0.18,0.67,0.22
model-1579134871,1579134919.77,0.61,0.23,0.75,0.19
model-1579134871,1579134919.844,0.77,0.17,0.68,0.2
model-1579134871,1579134919.918,0.65,0.22,0.71,0.21
model-1579134871,1579134920.004,0.7,0.19,0.67,0.21
model-1579134871,1579134920.078,0.65,0.21,0.71,0.19
model-1579134871,1579134920.151,0.73,0.19,0.74,0.19
model-1579134871,1579134920.224,0.76,0.16,0.75,0.18
model-1579134871,1579134920.293,0.73,0.19,0.7,0.2
model-1579134871,1579134920.369,0.66,0.23,0.74,0.19
model-1579134871,1579134920.446,0.61,0.24,0.7,0.18
model-1579134871,1579134920.522,0.73,0.17,0.73,0.17
model-1579134871,1579134920.593,0.7,0.19,0.73,0.18
model-1579134871,1579134920.671,0.74,0.18,0.72,0.2
model-1579134871,1579134920.748,0.62,0.21,0.69,0.2
model-1579134871,1579134920.835,0.6,0.23,0.7,0.2
model-1579134871,1579134920.91,0.63,0.21,0.71,0.21
model-1579134871,1579134920.985,0.67,0.2,0.7,0.19
model-1579134871,1579134921.057,0.77,0.17,0.75,0.17
model-1579134871,1579134921.131,0.67,0.21,0.72,0.18
model-1579134871,1579134921.205,0.68,0.19,0.7,0.2
model-1579134871,1579134921.279,0.76,0.17,0.76,0.17
model-1579134871,1579134921.351,0.72,0.19,0.65,0.2
model-1579134871,1579134921.424,0.72,0.19,0.78,0.17
model-1579134871,1579134921.494,0.65,0.19,0.72,0.19
model-1579134871,1579134921.572,0.68,0.2,0.78,0.16
model-1579134871,1579134921.648,0.61,0.22,0.77,0.17
model-1579134871,1579134921.722,0.69,0.2,0.73,0.2
model-1579134871,1579134921.792,0.68,0.19,0.68,0.2
model-1579134871,1579134921.869,0.72,0.18,0.64,0.2
model-1579134871,1579134921.943,0.71,0.19,0.71,0.19
model-1579134871,1579134922.016,0.75,0.18,0.66,0.2
model-1579134871,1579134922.088,0.75,0.18,0.73,0.18
model-1579134871,1579134922.161,0.72,0.18,0.7,0.2
model-1579134871,1579134922.237,0.79,0.16,0.67,0.21
model-1579134871,1579134922.332,0.73,0.18,0.79,0.15
model-1579134871,1579134922.427,0.65,0.22,0.7,0.2
model-1579134871,1579134922.505,0.76,0.16,0.67,0.19
model-1579134871,1579134922.581,0.72,0.18,0.68,0.21
model-1579134871,1579134922.655,0.7,0.21,0.73,0.17
model-1579134871,1579134922.726,0.79,0.17,0.74,0.2
model-1579134871,1579134922.807,0.72,0.18,0.63,0.23
model-1579134871,1579134922.883,0.77,0.17,0.76,0.18
model-1579134871,1579134922.995,0.85,0.14,0.73,0.19
model-1579134871,1579134923.088,0.73,0.17,0.79,0.16
model-1579134871,1579134923.181,0.81,0.14,0.74,0.18
model-1579134871,1579134923.275,0.71,0.19,0.71,0.17
model-1579134871,1579134923.35,0.74,0.16,0.8,0.15
model-1579134871,1579134923.422,0.8,0.15,0.75,0.17
model-1579134871,1579134923.493,0.71,0.2,0.7,0.2
model-1579134871,1579134923.565,0.72,0.19,0.73,0.18
model-1579134871,1579134923.64,0.73,0.18,0.67,0.21
model-1579134871,1579134923.736,0.81,0.16,0.71,0.19
model-1579134871,1579134923.812,0.62,0.23,0.67,0.21
model-1579134871,1579134923.907,0.67,0.21,0.74,0.18
model-1579134871,1579134923.983,0.71,0.21,0.7,0.22
model-1579134871,1579134924.055,0.73,0.17,0.65,0.22
model-1579134871,1579134924.128,0.62,0.24,0.69,0.2
model-1579134871,1579134924.204,0.74,0.19,0.69,0.19
model-1579134871,1579134924.296,0.66,0.19,0.7,0.19
model-1579134871,1579134924.372,0.71,0.2,0.7,0.18
model-1579134871,1579134924.449,0.69,0.2,0.69,0.21
model-1579134871,1579134924.522,0.76,0.15,0.64,0.24
model-1579134871,1579134924.594,0.68,0.21,0.69,0.21
model-1579134871,1579134924.663,0.7,0.18,0.67,0.21
model-1579134871,1579134924.738,0.72,0.17,0.71,0.2
model-1579134871,1579134924.815,0.67,0.2,0.7,0.2
model-1579134871,1579134924.889,0.62,0.22,0.66,0.22
model-1579134871,1579134924.982,0.71,0.18,0.75,0.19
model-1579134871,1579134925.075,0.67,0.2,0.73,0.19
model-1579134871,1579134925.171,0.75,0.17,0.8,0.16
model-1579134871,1579134925.264,0.8,0.17,0.73,0.16
model-1579134871,1579134925.381,0.8,0.15,0.75,0.18
model-1579134871,1579134925.479,0.75,0.17,0.74,0.18
model-1579134871,1579134925.574,0.7,0.2,0.79,0.17
model-1579134871,1579134925.651,0.72,0.19,0.68,0.21
model-1579134871,1579134925.726,0.74,0.18,0.79,0.16
model-1579134871,1579134925.8,0.78,0.15,0.75,0.17
model-1579134871,1579134925.875,0.8,0.16,0.64,0.2
model-1579134871,1579134925.952,0.75,0.18,0.73,0.18
model-1579134871,1579134926.023,0.72,0.2,0.76,0.15
model-1579134871,1579134926.095,0.74,0.17,0.75,0.17
model-1579134871,1579134926.166,0.77,0.16,0.74,0.18
model-1579134871,1579134926.242,0.69,0.21,0.7,0.19
model-1579134871,1579134926.318,0.74,0.17,0.72,0.18
model-1579134871,1579134926.392,0.78,0.17,0.72,0.18
model-1579134871,1579134926.468,0.81,0.15,0.77,0.16
model-1579134871,1579134926.529,0.69,0.2,0.7,0.19
model-1579134871,1579134926.611,0.65,0.22,0.81,0.14
model-1579134871,1579134926.706,0.75,0.16,0.8,0.15
model-1579134871,1579134926.793,0.74,0.18,0.67,0.2
model-1579134871,1579134926.878,0.73,0.17,0.78,0.17
model-1579134871,1579134926.953,0.7,0.19,0.74,0.16
model-1579134871,1579134927.023,0.75,0.18,0.72,0.18
model-1579134871,1579134927.096,0.68,0.2,0.76,0.17
model-1579134871,1579134927.166,0.76,0.17,0.78,0.16
model-1579134871,1579134927.241,0.71,0.18,0.78,0.15
model-1579134871,1579134927.317,0.73,0.17,0.72,0.19
model-1579134871,1579134927.391,0.65,0.21,0.75,0.19
model-1579134871,1579134927.462,0.64,0.21,0.75,0.17
model-1579134871,1579134927.538,0.75,0.18,0.7,0.19
model-1579134871,1579134927.614,0.71,0.19,0.75,0.18
model-1579134871,1579134927.688,0.74,0.19,0.74,0.19
model-1579134871,1579134927.758,0.71,0.2,0.67,0.2
model-1579134871,1579134927.829,0.72,0.19,0.77,0.17
model-1579134871,1579134927.922,0.77,0.15,0.71,0.19
model-1579134871,1579134928.019,0.76,0.16,0.68,0.19
model-1579134871,1579134928.112,0.73,0.18,0.74,0.18
model-1579134871,1579134928.188,0.75,0.18,0.72,0.18
model-1579134871,1579134928.259,0.75,0.18,0.75,0.17
model-1579134871,1579134928.355,0.67,0.22,0.71,0.19
model-1579134871,1579134928.453,0.78,0.16,0.72,0.2
model-1579134871,1579134928.526,0.73,0.17,0.69,0.19
model-1579134871,1579134928.596,0.77,0.18,0.7,0.18
model-1579134871,1579134928.692,0.77,0.16,0.75,0.18
model-1579134871,1579134928.776,0.8,0.16,0.72,0.18
model-1579134871,1579134928.851,0.67,0.2,0.74,0.19
model-1579134871,1579134928.942,0.78,0.16,0.72,0.2
model-1579134871,1579134929.018,0.77,0.17,0.71,0.18
model-1579134871,1579134929.09,0.78,0.16,0.79,0.14
model-1579134871,1579134929.164,0.82,0.15,0.71,0.2
model-1579134871,1579134929.233,0.77,0.13,0.71,0.2
model-1579134871,1579134929.326,0.66,0.19,0.72,0.19
model-1579134871,1579134929.437,0.64,0.21,0.76,0.16
model-1579134871,1579134929.521,0.76,0.19,0.69,0.2
model-1579134871,1579134929.616,0.69,0.19,0.69,0.19
model-1579134871,1579134929.691,0.77,0.15,0.71,0.18
model-1579134871,1579134929.763,0.78,0.15,0.65,0.2
model-1579134871,1579134929.838,0.76,0.17,0.75,0.16
model-1579134871,1579134929.911,0.81,0.15,0.73,0.2
model-1579134871,1579134929.982,0.69,0.2,0.75,0.2
model-1579134871,1579134930.057,0.77,0.17,0.78,0.15
model-1579134871,1579134930.131,0.82,0.14,0.7,0.2
model-1579134871,1579134930.22,0.69,0.2,0.68,0.2
model-1579134871,1579134930.295,0.72,0.19,0.63,0.22
model-1579134871,1579134930.369,0.76,0.18,0.78,0.16
model-1579134871,1579134930.444,0.71,0.19,0.75,0.18
model-1579134871,1579134930.514,0.74,0.18,0.75,0.18
model-1579134871,1579134930.587,0.71,0.21,0.68,0.2
model-1579134871,1579134930.66,0.7,0.2,0.73,0.17
model-1579134871,1579134930.753,0.8,0.15,0.67,0.2
model-1579134871,1579134930.846,0.74,0.2,0.74,0.17
model-1579134871,1579134930.918,0.87,0.13,0.68,0.21
model-1579134871,1579134930.993,0.68,0.21,0.66,0.22
model-1579134871,1579134931.073,0.72,0.21,0.67,0.2
model-1579134871,1579134931.146,0.65,0.23,0.81,0.14
model-1579134871,1579134931.217,0.75,0.17,0.72,0.19
model-1579134871,1579134931.294,0.81,0.15,0.76,0.17
model-1579134871,1579134931.371,0.68,0.18,0.71,0.2
model-1579134871,1579134931.448,0.73,0.19,0.74,0.19
model-1579134871,1579134931.521,0.66,0.2,0.75,0.17
model-1579134871,1579134931.603,0.73,0.18,0.82,0.15
model-1579134871,1579134931.678,0.7,0.18,0.7,0.21
model-1579134871,1579134931.748,0.77,0.16,0.78,0.18
model-1579134871,1579134931.82,0.77,0.16,0.74,0.17
model-1579134871,1579134931.895,0.8,0.15,0.66,0.21
model-1579134871,1579134931.969,0.71,0.18,0.79,0.17
model-1579134871,1579134932.042,0.73,0.18,0.72,0.17
model-1579134871,1579134932.114,0.8,0.17,0.65,0.21
model-1579134871,1579134932.184,0.81,0.14,0.76,0.17
model-1579134871,1579134932.26,0.74,0.19,0.7,0.19
model-1579134871,1579134932.335,0.68,0.19,0.77,0.17
model-1579134871,1579134932.41,0.85,0.12,0.69,0.2
model-1579134871,1579134932.482,0.74,0.18,0.75,0.17
model-1579134871,1579134932.578,0.73,0.18,0.69,0.21
model-1579134871,1579134932.671,0.74,0.17,0.75,0.16
model-1579134871,1579134932.746,0.74,0.17,0.7,0.2
model-1579134871,1579134932.815,0.74,0.17,0.68,0.18
model-1579134871,1579134932.887,0.76,0.16,0.73,0.19
model-1579134871,1579134932.962,0.73,0.17,0.72,0.19
model-1579134871,1579134933.037,0.78,0.15,0.78,0.18
model-1579134871,1579134933.11,0.78,0.14,0.72,0.19
model-1579134871,1579134933.182,0.8,0.13,0.74,0.17
model-1579134871,1579134933.253,0.84,0.13,0.73,0.17
model-1579134871,1579134933.328,0.76,0.17,0.74,0.18
model-1579134871,1579134933.421,0.68,0.2,0.82,0.15
model-1579134871,1579134933.516,0.78,0.14,0.74,0.17
model-1579134871,1579134933.609,0.77,0.16,0.7,0.18
model-1579134871,1579134933.702,0.81,0.15,0.77,0.16
model-1579134871,1579134933.796,0.71,0.19,0.81,0.13
model-1579134871,1579134933.874,0.81,0.15,0.78,0.16
model-1579134871,1579134933.945,0.74,0.19,0.76,0.16
model-1579134871,1579134934.019,0.71,0.19,0.66,0.21
model-1579134871,1579134934.114,0.78,0.15,0.69,0.21
model-1579134871,1579134934.209,0.74,0.18,0.77,0.17
model-1579134871,1579134934.304,0.74,0.17,0.75,0.15
model-1579134871,1579134934.38,0.77,0.16,0.72,0.19
model-1579134871,1579134934.451,0.73,0.17,0.74,0.16
model-1579134871,1579134934.545,0.72,0.19,0.71,0.2
model-1579134871,1579134934.615,0.74,0.18,0.72,0.2
model-1579134871,1579134934.687,0.74,0.17,0.7,0.18
model-1579134871,1579134934.761,0.71,0.18,0.8,0.15
model-1579134871,1579134934.854,0.73,0.19,0.76,0.17
model-1579134871,1579134934.948,0.67,0.19,0.8,0.14
model-1579134871,1579134935.02,0.82,0.15,0.72,0.19
model-1579134871,1579134935.095,0.73,0.17,0.76,0.16
model-1579134871,1579134935.187,0.77,0.16,0.84,0.13
model-1579134871,1579134935.279,0.75,0.16,0.75,0.18
model-1579134871,1579134935.373,0.79,0.16,0.81,0.15
model-1579134871,1579134935.469,0.71,0.19,0.71,0.2
model-1579134871,1579134935.543,0.72,0.17,0.79,0.16
model-1579134871,1579134935.614,0.74,0.18,0.8,0.14
model-1579134871,1579134935.686,0.68,0.18,0.74,0.18
model-1579134871,1579134935.756,0.77,0.18,0.69,0.2
model-1579134871,1579134935.851,0.75,0.17,0.76,0.17
model-1579134871,1579134935.945,0.81,0.15,0.71,0.19
model-1579134871,1579134936.018,0.69,0.19,0.76,0.19
model-1579134871,1579134936.111,0.81,0.15,0.82,0.15
model-1579134871,1579134936.207,0.73,0.17,0.75,0.17
model-1579134871,1579134936.28,0.75,0.2,0.72,0.18
model-1579134871,1579134936.351,0.76,0.14,0.77,0.17
model-1579134871,1579134936.423,0.76,0.15,0.79,0.15
model-1579134871,1579134936.499,0.79,0.17,0.74,0.19
model-1579134871,1579134936.573,0.83,0.15,0.75,0.17
model-1579134871,1579134936.647,0.72,0.17,0.7,0.19
model-1579134871,1579134936.718,0.76,0.16,0.72,0.18
model-1579134871,1579134936.81,0.79,0.16,0.7,0.18
model-1579134871,1579134936.904,0.8,0.14,0.71,0.19
model-1579134871,1579134936.981,0.76,0.16,0.8,0.16
model-1579134871,1579134937.051,0.81,0.14,0.7,0.18
model-1579134871,1579134937.145,0.73,0.18,0.74,0.17
model-1579134871,1579134937.257,0.76,0.16,0.72,0.19
model-1579134871,1579134937.334,0.64,0.22,0.78,0.16
model-1579134871,1579134937.408,0.76,0.19,0.77,0.17
model-1579134871,1579134937.484,0.77,0.17,0.79,0.17
model-1579134871,1579134937.554,0.73,0.17,0.75,0.18
model-1579134871,1579134937.631,0.68,0.22,0.73,0.17
model-1579134871,1579134937.724,0.76,0.16,0.75,0.18
model-1579134871,1579134937.8,0.67,0.2,0.67,0.21
model-1579134871,1579134937.875,0.74,0.18,0.67,0.19
model-1579134871,1579134937.948,0.69,0.19,0.76,0.18
model-1579134871,1579134938.019,0.79,0.17,0.81,0.14
model-1579134871,1579134938.094,0.76,0.15,0.76,0.17
model-1579134871,1579134938.168,0.77,0.17,0.76,0.16
model-1579134871,1579134938.26,0.68,0.21,0.76,0.16
model-1579134871,1579134938.354,0.66,0.22,0.67,0.21
model-1579134871,1579134938.451,0.72,0.17,0.76,0.16
model-1579134871,1579134938.545,0.75,0.18,0.73,0.18
model-1579134871,1579134938.642,0.77,0.15,0.69,0.19
model-1579134871,1579134938.736,0.66,0.19,0.77,0.18
model-1579134871,1579134938.812,0.69,0.19,0.74,0.17
model-1579134871,1579134938.884,0.73,0.17,0.76,0.17
model-1579134871,1579134938.956,0.76,0.18,0.75,0.18
model-1579134871,1579134939.026,0.77,0.15,0.79,0.16
model-1579134871,1579134939.102,0.76,0.16,0.7,0.22
model-1579134871,1579134939.176,0.79,0.16,0.74,0.18
model-1579134871,1579134939.25,0.8,0.14,0.73,0.17
model-1579134871,1579134939.342,0.75,0.16,0.73,0.18
model-1579134871,1579134939.417,0.76,0.17,0.78,0.15
model-1579134871,1579134939.501,0.74,0.16,0.79,0.15
model-1579134871,1579134939.577,0.74,0.18,0.75,0.16
model-1579134871,1579134939.651,0.67,0.21,0.76,0.15
model-1579134871,1579134939.723,0.73,0.19,0.77,0.17
model-1579134871,1579134939.817,0.72,0.19,0.79,0.15
model-1579134871,1579134939.889,0.72,0.17,0.69,0.19
model-1579134871,1579134939.983,0.68,0.19,0.71,0.18
model-1579134871,1579134940.054,0.77,0.15,0.81,0.13
model-1579134871,1579134940.125,0.78,0.15,0.75,0.17
model-1579134871,1579134940.2,0.74,0.17,0.77,0.17
model-1579134871,1579134940.274,0.87,0.12,0.77,0.17
model-1579134871,1579134940.371,0.71,0.16,0.78,0.15
model-1579134871,1579134940.467,0.75,0.18,0.77,0.16
model-1579134871,1579134940.543,0.77,0.16,0.82,0.14
model-1579134871,1579134940.637,0.73,0.17,0.78,0.16
model-1579134871,1579134940.714,0.72,0.19,0.76,0.16
model-1579134871,1579134940.786,0.82,0.16,0.73,0.18
model-1579134871,1579134940.856,0.81,0.15,0.79,0.16
model-1579134871,1579134940.927,0.8,0.15,0.8,0.13
model-1579134871,1579134941.003,0.86,0.12,0.7,0.2
model-1579134871,1579134941.077,0.8,0.15,0.75,0.19
model-1579134871,1579134941.173,0.84,0.13,0.79,0.16
model-1579134871,1579134941.268,0.72,0.19,0.74,0.16
model-1579134871,1579134941.344,0.77,0.16,0.75,0.18
model-1579134871,1579134941.419,0.82,0.14,0.77,0.17
model-1579134871,1579134941.515,0.72,0.19,0.73,0.16
model-1579134871,1579134941.607,0.77,0.15,0.79,0.14
model-1579134871,1579134941.688,0.85,0.12,0.69,0.19
model-1579134871,1579134941.761,0.82,0.14,0.67,0.21
model-1579134871,1579134941.837,0.71,0.22,0.7,0.23
model-1579134871,1579134941.91,0.69,0.2,0.76,0.16
model-1579134871,1579134941.984,0.73,0.18,0.72,0.17
model-1579134871,1579134942.056,0.78,0.15,0.79,0.15
model-1579134871,1579134942.128,0.67,0.21,0.76,0.16
model-1579134871,1579134942.202,0.76,0.17,0.81,0.15
model-1579134871,1579134942.277,0.69,0.18,0.76,0.17
model-1579134871,1579134942.363,0.77,0.18,0.78,0.17
model-1579134871,1579134942.44,0.73,0.19,0.67,0.19
model-1579134871,1579134942.515,0.8,0.14,0.72,0.18
model-1579134871,1579134942.608,0.72,0.19,0.71,0.18
model-1579134871,1579134942.681,0.7,0.18,0.76,0.17
model-1579134871,1579134942.77,0.73,0.16,0.75,0.16
model-1579134871,1579134942.859,0.67,0.2,0.76,0.15
model-1579134871,1579134942.935,0.74,0.18,0.73,0.19
model-1579134871,1579134943.006,0.74,0.15,0.67,0.2
model-1579134871,1579134943.083,0.74,0.16,0.77,0.18
model-1579134871,1579134943.153,0.81,0.15,0.72,0.19
model-1579134871,1579134943.224,0.83,0.16,0.72,0.17
model-1579134871,1579134943.295,0.88,0.12,0.76,0.17
model-1579134871,1579134943.372,0.74,0.16,0.7,0.19
model-1579134871,1579134943.449,0.65,0.2,0.72,0.18
model-1579134871,1579134943.521,0.71,0.18,0.76,0.16
model-1579134871,1579134943.593,0.79,0.16,0.78,0.16
model-1579134871,1579134943.689,0.81,0.14,0.74,0.18
model-1579134871,1579134943.793,0.85,0.13,0.72,0.18
model-1579134871,1579134943.889,0.75,0.15,0.73,0.17
model-1579134871,1579134943.984,0.73,0.19,0.84,0.13
model-1579134871,1579134944.084,0.79,0.15,0.79,0.14
model-1579134871,1579134944.176,0.81,0.14,0.76,0.16
model-1579134871,1579134944.252,0.7,0.19,0.76,0.16
model-1579134871,1579134944.322,0.79,0.15,0.72,0.19
model-1579134871,1579134944.418,0.81,0.16,0.79,0.17
model-1579134871,1579134944.507,0.82,0.14,0.77,0.16
model-1579134871,1579134944.563,0.79,0.16,0.79,0.15
model-1579134871,1579134944.658,0.67,0.21,0.78,0.15
model-1579134871,1579134944.732,0.75,0.16,0.75,0.18
model-1579134871,1579134944.826,0.74,0.17,0.8,0.14
model-1579134871,1579134944.896,0.75,0.16,0.73,0.16
model-1579134871,1579134944.987,0.74,0.18,0.71,0.21
model-1579134871,1579134945.057,0.77,0.17,0.78,0.16
model-1579134871,1579134945.13,0.74,0.19,0.66,0.22
model-1579134871,1579134945.204,0.76,0.16,0.75,0.16
model-1579134871,1579134945.294,0.76,0.17,0.75,0.16
model-1579134871,1579134945.364,0.75,0.15,0.7,0.19
model-1579134871,1579134945.444,0.68,0.19,0.75,0.17
model-1579134871,1579134945.518,0.63,0.2,0.71,0.19
model-1579134871,1579134945.591,0.76,0.15,0.72,0.19
model-1579134871,1579134945.66,0.78,0.17,0.75,0.18
model-1579134871,1579134945.732,0.78,0.16,0.72,0.17
model-1579134871,1579134945.808,0.72,0.18,0.76,0.16
model-1579134871,1579134945.883,0.76,0.17,0.73,0.19
model-1579134871,1579134945.956,0.81,0.14,0.76,0.16
model-1579134871,1579134946.028,0.81,0.14,0.72,0.17
model-1579134871,1579134946.124,0.75,0.18,0.8,0.17
model-1579134871,1579134946.197,0.74,0.16,0.73,0.18
model-1579134871,1579134946.273,0.7,0.18,0.72,0.18
model-1579134871,1579134946.349,0.67,0.21,0.76,0.16
model-1579134871,1579134946.423,0.79,0.16,0.67,0.2
model-1579134871,1579134946.497,0.79,0.16,0.76,0.16
model-1579134871,1579134946.573,0.75,0.17,0.8,0.16
model-1579134871,1579134946.649,0.82,0.15,0.73,0.19
model-1579134871,1579134946.732,0.76,0.15,0.71,0.19
model-1579134871,1579134946.808,0.72,0.19,0.69,0.18
model-1579134871,1579134946.885,0.81,0.14,0.78,0.16
model-1579134871,1579134946.98,0.79,0.14,0.75,0.19
model-1579134871,1579134947.057,0.77,0.15,0.72,0.17
model-1579134871,1579134947.138,0.84,0.14,0.76,0.17
model-1579134871,1579134947.212,0.81,0.12,0.72,0.19
model-1579134871,1579134947.287,0.72,0.18,0.79,0.18
model-1579134871,1579134947.358,0.72,0.2,0.81,0.15
model-1579134871,1579134947.454,0.8,0.18,0.77,0.16
model-1579134871,1579134947.551,0.77,0.17,0.83,0.13
model-1579134871,1579134947.626,0.8,0.13,0.73,0.2
model-1579134871,1579134947.696,0.8,0.14,0.75,0.16
model-1579134871,1579134947.767,0.83,0.14,0.82,0.14
model-1579134871,1579134947.842,0.8,0.14,0.73,0.16
model-1579134871,1579134947.918,0.77,0.18,0.77,0.17
model-1579134871,1579134947.991,0.75,0.16,0.74,0.17
model-1579134871,1579134948.079,0.85,0.12,0.8,0.15
model-1579134871,1579134948.153,0.72,0.19,0.71,0.2
model-1579134871,1579134948.227,0.72,0.18,0.77,0.16
model-1579134871,1579134948.297,0.76,0.16,0.82,0.15
model-1579134871,1579134948.387,0.73,0.19,0.76,0.17
model-1579134871,1579134948.459,0.8,0.17,0.71,0.17
model-1579134871,1579134948.531,0.76,0.18,0.68,0.22
model-1579134871,1579134948.625,0.68,0.19,0.74,0.16
model-1579134871,1579134948.697,0.81,0.13,0.71,0.2
model-1579134871,1579134948.766,0.71,0.19,0.71,0.2
model-1579134871,1579134948.842,0.87,0.1,0.68,0.21
model-1579134871,1579134948.919,0.77,0.18,0.78,0.18
model-1579134871,1579134949.019,0.75,0.18,0.8,0.14
model-1579134871,1579134949.111,0.68,0.21,0.77,0.17
model-1579134871,1579134949.21,0.77,0.15,0.74,0.16
model-1579134871,1579134949.3,0.83,0.14,0.71,0.19
model-1579134871,1579134949.376,0.72,0.16,0.77,0.16
model-1579134871,1579134949.455,0.7,0.18,0.83,0.13
model-1579134871,1579134949.529,0.7,0.18,0.83,0.13
model-1579134871,1579134949.598,0.73,0.16,0.79,0.14
model-1579134871,1579134949.693,0.75,0.16,0.77,0.15
model-1579134871,1579134949.788,0.78,0.15,0.75,0.17
model-1579134871,1579134949.863,0.8,0.13,0.71,0.17
model-1579134871,1579134949.934,0.86,0.13,0.73,0.16
model-1579134871,1579134950.011,0.79,0.16,0.78,0.16
model-1579134871,1579134950.086,0.78,0.16,0.8,0.15
model-1579134871,1579134950.161,0.84,0.14,0.73,0.17
model-1579134871,1579134950.233,0.83,0.12,0.78,0.15
model-1579134871,1579134950.306,0.76,0.16,0.78,0.16
model-1579134871,1579134950.379,0.74,0.16,0.76,0.16
model-1579134871,1579134950.459,0.87,0.1,0.83,0.14
model-1579134871,1579134950.535,0.78,0.17,0.79,0.15
model-1579134871,1579134950.607,0.76,0.16,0.75,0.17
model-1579134871,1579134950.681,0.78,0.15,0.73,0.19
model-1579134871,1579134950.775,0.8,0.14,0.79,0.15
model-1579134871,1579134950.869,0.77,0.14,0.81,0.14
model-1579134871,1579134950.942,0.84,0.12,0.73,0.18
model-1579134871,1579134951.013,0.8,0.13,0.79,0.16
model-1579134871,1579134951.082,0.83,0.11,0.81,0.13
model-1579134871,1579134951.152,0.83,0.11,0.76,0.17
model-1579134871,1579134951.228,0.85,0.12,0.77,0.17
model-1579134871,1579134951.321,0.8,0.12,0.8,0.16
model-1579134871,1579134951.418,0.75,0.15,0.79,0.16
model-1579134871,1579134951.532,0.75,0.17,0.84,0.13
model-1579134871,1579134951.609,0.81,0.14,0.75,0.16
model-1579134871,1579134951.704,0.84,0.13,0.73,0.18
model-1579134871,1579134951.778,0.82,0.15,0.8,0.14
model-1579134871,1579134951.848,0.75,0.18,0.84,0.14
model-1579134871,1579134951.94,0.83,0.14,0.81,0.15
model-1579134871,1579134952.035,0.76,0.16,0.75,0.17
model-1579134871,1579134952.11,0.81,0.16,0.83,0.13
model-1579134871,1579134952.18,0.84,0.11,0.74,0.16
model-1579134871,1579134952.254,0.77,0.16,0.79,0.15
model-1579134871,1579134952.328,0.79,0.15,0.73,0.19
model-1579134871,1579134952.424,0.81,0.14,0.79,0.15
model-1579134871,1579134952.519,0.76,0.16,0.8,0.16
model-1579134871,1579134952.595,0.75,0.17,0.71,0.17
model-1579134871,1579134952.669,0.82,0.14,0.75,0.17
model-1579134871,1579134952.744,0.79,0.14,0.76,0.18
model-1579134871,1579134952.815,0.72,0.17,0.73,0.18
model-1579134871,1579134952.89,0.74,0.18,0.72,0.2
model-1579134871,1579134952.967,0.73,0.18,0.75,0.16
model-1579134871,1579134953.064,0.85,0.12,0.78,0.16
model-1579134871,1579134953.16,0.78,0.16,0.8,0.14
model-1579134871,1579134953.253,0.75,0.16,0.77,0.17
model-1579134871,1579134953.346,0.78,0.15,0.74,0.16
model-1579134871,1579134953.44,0.8,0.14,0.8,0.14
model-1579134871,1579134953.536,0.73,0.18,0.77,0.17
model-1579134871,1579134953.609,0.77,0.15,0.79,0.15
model-1579134871,1579134953.702,0.78,0.16,0.83,0.13
model-1579134871,1579134953.777,0.75,0.15,0.87,0.12
model-1579134871,1579134953.846,0.83,0.15,0.74,0.17
model-1579134871,1579134953.962,0.73,0.17,0.81,0.14
model-1579134871,1579134954.053,0.82,0.13,0.74,0.17
model-1579134871,1579134954.132,0.75,0.17,0.75,0.16
model-1579134871,1579134954.206,0.86,0.12,0.79,0.15
model-1579134871,1579134954.281,0.75,0.16,0.76,0.17
model-1579134871,1579134954.352,0.76,0.17,0.73,0.16
model-1579134871,1579134954.447,0.83,0.13,0.72,0.18
model-1579134871,1579134954.52,0.75,0.15,0.78,0.16
model-1579134871,1579134954.597,0.76,0.16,0.74,0.18
model-1579134871,1579134954.672,0.8,0.13,0.76,0.16
model-1579134871,1579134954.745,0.78,0.15,0.76,0.17
model-1579134871,1579134954.815,0.76,0.15,0.73,0.19
model-1579134871,1579134954.887,0.79,0.15,0.74,0.18
model-1579134871,1579134954.982,0.83,0.12,0.76,0.17
model-1579134871,1579134955.063,0.78,0.15,0.78,0.16
model-1579134871,1579134955.156,0.86,0.12,0.76,0.17
model-1579134871,1579134955.233,0.73,0.17,0.76,0.17
model-1579134871,1579134955.325,0.82,0.13,0.71,0.18
model-1579134871,1579134955.401,0.69,0.21,0.76,0.15
model-1579134871,1579134955.476,0.73,0.18,0.79,0.14
model-1579134871,1579134955.548,0.79,0.15,0.79,0.14
model-1579134871,1579134955.617,0.82,0.13,0.79,0.14
model-1579134871,1579134955.71,0.68,0.2,0.75,0.17
model-1579134871,1579134955.789,0.8,0.14,0.78,0.17
model-1579134871,1579134955.869,0.75,0.18,0.76,0.16
model-1579134871,1579134955.947,0.78,0.16,0.78,0.17
model-1579134871,1579134956.022,0.77,0.16,0.79,0.16
model-1579134871,1579134956.098,0.75,0.17,0.73,0.18
model-1579134871,1579134956.174,0.78,0.15,0.79,0.15
model-1579134871,1579134956.246,0.77,0.17,0.78,0.16
model-1579134871,1579134956.322,0.76,0.16,0.68,0.22
model-1579134871,1579134956.4,0.73,0.21,0.73,0.18
model-1579134871,1579134956.476,0.79,0.15,0.82,0.13
model-1579134871,1579134956.549,0.75,0.19,0.7,0.19
model-1579134871,1579134956.621,0.76,0.13,0.76,0.16
model-1579134871,1579134956.709,0.75,0.18,0.73,0.17
model-1579134871,1579134956.782,0.66,0.19,0.75,0.18
model-1579134871,1579134956.852,0.74,0.16,0.77,0.15
model-1579134871,1579134956.943,0.75,0.16,0.72,0.18
model-1579134871,1579134957.016,0.81,0.14,0.77,0.17
model-1579134871,1579134957.091,0.74,0.17,0.77,0.16
model-1579134871,1579134957.164,0.72,0.17,0.83,0.14
model-1579134871,1579134957.239,0.81,0.15,0.77,0.15
model-1579134871,1579134957.311,0.76,0.15,0.8,0.15
model-1579134871,1579134957.386,0.8,0.16,0.79,0.16
model-1579134871,1579134957.478,0.82,0.16,0.72,0.21
model-1579134871,1579134957.593,0.75,0.17,0.8,0.16
model-1579134871,1579134957.689,0.75,0.19,0.75,0.16
model-1579134871,1579134957.763,0.81,0.15,0.73,0.18
model-1579134871,1579134957.837,0.72,0.19,0.79,0.15
model-1579134871,1579134957.911,0.77,0.15,0.74,0.18
model-1579134871,1579134957.982,0.74,0.17,0.74,0.17
model-1579134871,1579134958.065,0.82,0.13,0.78,0.16
model-1579134871,1579134958.138,0.8,0.14,0.76,0.16
model-1579134871,1579134958.212,0.8,0.15,0.74,0.17
model-1579134871,1579134958.284,0.88,0.11,0.73,0.19
model-1579134871,1579134958.356,0.74,0.15,0.77,0.16
model-1579134871,1579134958.431,0.78,0.16,0.79,0.15
model-1579134871,1579134958.506,0.74,0.16,0.77,0.16
model-1579134871,1579134958.601,0.76,0.17,0.75,0.18
model-1579134871,1579134958.675,0.75,0.18,0.7,0.19
model-1579134871,1579134958.749,0.8,0.15,0.78,0.16
model-1579134871,1579134958.842,0.82,0.14,0.76,0.15
model-1579134871,1579134958.937,0.81,0.15,0.74,0.18
model-1579134871,1579134959.014,0.83,0.11,0.82,0.14
model-1579134871,1579134959.086,0.83,0.13,0.78,0.14
model-1579134871,1579134959.157,0.83,0.13,0.75,0.19
model-1579134871,1579134959.233,0.76,0.17,0.78,0.15
model-1579134871,1579134959.308,0.81,0.14,0.72,0.16
model-1579134871,1579134959.381,0.82,0.13,0.78,0.15
model-1579134871,1579134959.454,0.77,0.16,0.75,0.15
model-1579134871,1579134959.528,0.82,0.15,0.85,0.15
model-1579134871,1579134959.607,0.85,0.12,0.8,0.14
model-1579134871,1579134959.682,0.84,0.12,0.64,0.23
model-1579134871,1579134959.756,0.71,0.2,0.71,0.2
model-1579134871,1579134959.826,0.74,0.19,0.76,0.16
model-1579134871,1579134959.904,0.75,0.17,0.78,0.15
model-1579134871,1579134959.981,0.81,0.15,0.69,0.17
model-1579134871,1579134960.055,0.73,0.19,0.78,0.16
model-1579134871,1579134960.132,0.79,0.16,0.72,0.18
model-1579134871,1579134960.207,0.73,0.16,0.8,0.14
model-1579134871,1579134960.282,0.78,0.17,0.76,0.16
model-1579134871,1579134960.355,0.75,0.19,0.81,0.16
model-1579134871,1579134960.426,0.84,0.12,0.75,0.16
model-1579134871,1579134960.521,0.73,0.17,0.78,0.15
model-1579134871,1579134960.616,0.76,0.16,0.68,0.21
model-1579134871,1579134960.711,0.76,0.15,0.76,0.16
model-1579134871,1579134960.785,0.71,0.19,0.75,0.19
model-1579134871,1579134960.858,0.8,0.15,0.76,0.15
model-1579134871,1579134960.934,0.83,0.13,0.81,0.15
model-1579134871,1579134961.01,0.81,0.14,0.78,0.15
model-1579134871,1579134961.085,0.83,0.12,0.79,0.15
model-1579134871,1579134961.157,0.84,0.15,0.77,0.16
model-1579134871,1579134961.228,0.85,0.12,0.73,0.19
model-1579134871,1579134961.305,0.81,0.14,0.72,0.2
model-1579134871,1579134961.378,0.75,0.17,0.77,0.17
model-1579134871,1579134961.455,0.75,0.17,0.74,0.18
model-1579134871,1579134961.525,0.76,0.16,0.75,0.17
model-1579134871,1579134961.62,0.8,0.13,0.75,0.18
model-1579134871,1579134961.736,0.86,0.11,0.83,0.12
model-1579134871,1579134961.812,0.81,0.13,0.77,0.15
model-1579134871,1579134961.886,0.74,0.18,0.84,0.13
model-1579134871,1579134961.982,0.82,0.15,0.78,0.14
model-1579134871,1579134962.076,0.83,0.11,0.8,0.14
model-1579134871,1579134962.152,0.69,0.19,0.74,0.15
model-1579134871,1579134962.225,0.85,0.13,0.79,0.13
model-1579134871,1579134962.302,0.8,0.16,0.82,0.13
model-1579134871,1579134962.378,0.81,0.13,0.79,0.17
model-1579134871,1579134962.439,0.83,0.14,0.86,0.13
model-1579134871,1579134962.517,0.72,0.2,0.77,0.16
model-1579134871,1579134962.589,0.78,0.14,0.75,0.18
model-1579134871,1579134962.664,0.77,0.16,0.79,0.16
model-1579134871,1579134962.741,0.77,0.16,0.65,0.25
model-1579134871,1579134962.816,0.78,0.17,0.69,0.2
model-1579134871,1579134962.89,0.81,0.15,0.7,0.19
model-1579134871,1579134962.963,0.74,0.19,0.8,0.13
model-1579134871,1579134963.039,0.81,0.14,0.8,0.14
model-1579134871,1579134963.117,0.83,0.14,0.76,0.16
model-1579134871,1579134963.191,0.77,0.14,0.78,0.17
model-1579134871,1579134963.265,0.76,0.16,0.75,0.16
model-1579134871,1579134963.34,0.7,0.18,0.81,0.14
model-1579134871,1579134963.416,0.8,0.13,0.81,0.15
model-1579134871,1579134963.503,0.8,0.14,0.76,0.16
model-1579134871,1579134963.602,0.81,0.15,0.75,0.16
model-1579134871,1579134963.717,0.67,0.19,0.77,0.17
model-1579134871,1579134963.789,0.77,0.16,0.67,0.21
model-1579134871,1579134963.862,0.83,0.15,0.75,0.18
model-1579134871,1579134963.937,0.79,0.14,0.73,0.18
model-1579134871,1579134964.011,0.76,0.15,0.8,0.14
model-1579134871,1579134964.086,0.84,0.13,0.68,0.21
model-1579134871,1579134964.179,0.77,0.15,0.75,0.18
model-1579134871,1579134964.293,0.74,0.19,0.74,0.18
model-1579134871,1579134964.409,0.8,0.14,0.71,0.2
model-1579134871,1579134964.505,0.79,0.14,0.76,0.15
model-1579134871,1579134964.582,0.79,0.18,0.74,0.19
model-1579134871,1579134964.658,0.84,0.13,0.79,0.16
model-1579134871,1579134964.729,0.79,0.15,0.83,0.13
model-1579134871,1579134964.806,0.78,0.14,0.75,0.17
model-1579134871,1579134964.883,0.83,0.13,0.74,0.16
model-1579134871,1579134964.955,0.8,0.14,0.79,0.16
model-1579134871,1579134965.028,0.72,0.16,0.78,0.16
model-1579134871,1579134965.105,0.87,0.12,0.74,0.18
model-1579134871,1579134965.182,0.84,0.11,0.79,0.16
model-1579134871,1579134965.257,0.78,0.15,0.85,0.12
model-1579134871,1579134965.328,0.75,0.18,0.74,0.17
model-1579134871,1579134965.405,0.8,0.16,0.76,0.16
model-1579134871,1579134965.481,0.77,0.17,0.75,0.16
model-1579134871,1579134965.556,0.83,0.13,0.8,0.13
model-1579134871,1579134965.628,0.79,0.15,0.7,0.21
model-1579134871,1579134965.704,0.84,0.14,0.82,0.15
model-1579134871,1579134965.792,0.8,0.13,0.76,0.17
model-1579134871,1579134965.887,0.74,0.18,0.81,0.13
model-1579134871,1579134965.958,0.8,0.15,0.74,0.18
model-1579134871,1579134966.034,0.85,0.11,0.84,0.13
model-1579134871,1579134966.109,0.74,0.18,0.71,0.18
model-1579134871,1579134966.185,0.77,0.17,0.71,0.19
model-1579134871,1579134966.278,0.79,0.15,0.76,0.15
model-1579134871,1579134966.352,0.76,0.18,0.82,0.15
model-1579134871,1579134966.438,0.79,0.14,0.74,0.19
model-1579134871,1579134966.515,0.78,0.16,0.76,0.17
model-1579134871,1579134966.588,0.79,0.15,0.7,0.18
model-1579134871,1579134966.684,0.82,0.13,0.76,0.17
model-1579134871,1579134966.766,0.74,0.17,0.72,0.2
model-1579134871,1579134966.843,0.86,0.1,0.71,0.19
model-1579134871,1579134966.919,0.78,0.17,0.68,0.21
model-1579134871,1579134966.993,0.76,0.17,0.77,0.17
model-1579134871,1579134967.063,0.71,0.21,0.83,0.13
model-1579134871,1579134967.149,0.83,0.13,0.79,0.14
model-1579134871,1579134967.231,0.87,0.12,0.77,0.16
model-1579134871,1579134967.306,0.85,0.13,0.78,0.16
model-1579134871,1579134967.381,0.75,0.17,0.7,0.2
model-1579134871,1579134967.454,0.76,0.15,0.74,0.18
model-1579134871,1579134967.525,0.77,0.13,0.74,0.17
model-1579134871,1579134967.596,0.8,0.14,0.7,0.18
model-1579134871,1579134967.667,0.83,0.13,0.75,0.17
model-1579134871,1579134967.741,0.82,0.12,0.8,0.16
model-1579134871,1579134967.825,0.83,0.13,0.81,0.15
model-1579134871,1579134967.897,0.82,0.15,0.78,0.15
model-1579134871,1579134967.968,0.82,0.13,0.77,0.16
model-1579134871,1579134968.043,0.8,0.13,0.7,0.18
model-1579134871,1579134968.12,0.85,0.11,0.79,0.16
model-1579134871,1579134968.192,0.78,0.15,0.8,0.14
model-1579134871,1579134968.272,0.77,0.15,0.81,0.15
model-1579134871,1579134968.35,0.9,0.08,0.77,0.17
model-1579134871,1579134968.423,0.81,0.16,0.74,0.17
model-1579134871,1579134968.496,0.81,0.14,0.76,0.16
model-1579134871,1579134968.567,0.79,0.14,0.77,0.14
model-1579134871,1579134968.646,0.81,0.14,0.81,0.14
model-1579134871,1579134968.722,0.77,0.13,0.77,0.15
model-1579134871,1579134968.795,0.86,0.1,0.77,0.15
model-1579134871,1579134968.865,0.82,0.13,0.8,0.13
model-1579134871,1579134968.938,0.86,0.11,0.8,0.16
model-1579134871,1579134969.012,0.83,0.11,0.77,0.16
model-1579134871,1579134969.108,0.87,0.1,0.81,0.14
model-1579134871,1579134969.199,0.85,0.1,0.77,0.17
model-1579134871,1579134969.274,0.79,0.15,0.76,0.14
model-1579134871,1579134969.349,0.81,0.14,0.82,0.13
model-1579134871,1579134969.432,0.86,0.1,0.76,0.15
model-1579134871,1579134969.52,0.84,0.11,0.79,0.15
model-1579134871,1579134969.596,0.8,0.13,0.79,0.15
model-1579134871,1579134969.666,0.8,0.14,0.75,0.16
model-1579134871,1579134969.741,0.88,0.11,0.78,0.14
model-1579134871,1579134969.817,0.8,0.15,0.75,0.15
model-1579134871,1579134969.889,0.79,0.14,0.78,0.16
model-1579134871,1579134969.983,0.85,0.11,0.78,0.14
model-1579134871,1579134970.101,0.83,0.14,0.76,0.18
model-1579134871,1579134970.214,0.8,0.13,0.8,0.15
model-1579134871,1579134970.289,0.77,0.15,0.72,0.17
model-1579134871,1579134970.359,0.8,0.13,0.74,0.15
model-1579134871,1579134970.453,0.77,0.17,0.75,0.15
model-1579134871,1579134970.529,0.85,0.12,0.7,0.2
model-1579134871,1579134970.604,0.77,0.14,0.75,0.15
model-1579134871,1579134970.678,0.8,0.15,0.7,0.2
model-1579134871,1579134970.751,0.76,0.17,0.8,0.17
model-1579134871,1579134970.824,0.78,0.16,0.82,0.14
model-1579134871,1579134970.899,0.86,0.11,0.77,0.14
model-1579134871,1579134970.973,0.8,0.14,0.81,0.16
model-1579134871,1579134971.047,0.74,0.15,0.78,0.16
model-1579134871,1579134971.117,0.83,0.13,0.78,0.16
model-1579134871,1579134971.192,0.81,0.13,0.71,0.22
model-1579134871,1579134971.27,0.73,0.19,0.76,0.16
model-1579134871,1579134971.366,0.78,0.14,0.71,0.21
model-1579134871,1579134971.461,0.79,0.15,0.78,0.16
model-1579134871,1579134971.537,0.77,0.15,0.74,0.18
model-1579134871,1579134971.611,0.83,0.14,0.76,0.16
model-1579134871,1579134971.705,0.79,0.16,0.81,0.15
model-1579134871,1579134971.799,0.86,0.1,0.78,0.16
model-1579134871,1579134971.914,0.77,0.16,0.72,0.18
model-1579134871,1579134972.007,0.84,0.12,0.77,0.17
model-1579134871,1579134972.11,0.79,0.14,0.78,0.17
model-1579134871,1579134972.206,0.77,0.16,0.73,0.17
model-1579134871,1579134972.295,0.86,0.11,0.73,0.18
model-1579134871,1579134972.386,0.75,0.14,0.73,0.16
model-1579134871,1579134972.465,0.81,0.13,0.84,0.14
model-1579134871,1579134972.563,0.79,0.13,0.69,0.2
model-1579134871,1579134972.66,0.77,0.15,0.71,0.19
model-1579134871,1579134972.751,0.78,0.14,0.77,0.16
model-1579134871,1579134972.827,0.8,0.15,0.84,0.15
model-1579134871,1579134972.898,0.83,0.12,0.82,0.14
model-1579134871,1579134972.973,0.81,0.14,0.79,0.15
model-1579134871,1579134973.045,0.86,0.12,0.76,0.14
model-1579134871,1579134973.117,0.8,0.15,0.77,0.15
model-1579134871,1579134973.188,0.84,0.12,0.73,0.18
model-1579134871,1579134973.267,0.72,0.18,0.75,0.16
model-1579134871,1579134973.341,0.78,0.16,0.8,0.14
model-1579134871,1579134973.413,0.77,0.15,0.73,0.16
model-1579134871,1579134973.484,0.83,0.12,0.7,0.18
model-1579134871,1579134973.56,0.76,0.17,0.74,0.19
model-1579134871,1579134973.654,0.82,0.13,0.7,0.19
model-1579134871,1579134973.733,0.79,0.16,0.7,0.19
model-1579134871,1579134973.809,0.8,0.14,0.77,0.15
model-1579134871,1579134973.881,0.77,0.15,0.68,0.2
model-1579134871,1579134973.951,0.78,0.16,0.72,0.18
model-1579134871,1579134974.028,0.77,0.15,0.79,0.15
model-1579134871,1579134974.101,0.78,0.18,0.75,0.16
model-1579134871,1579134974.197,0.76,0.15,0.72,0.17
model-1579134871,1579134974.271,0.8,0.16,0.81,0.13
model-1579134871,1579134974.347,0.81,0.15,0.65,0.25
model-1579134871,1579134974.419,0.69,0.2,0.76,0.19
model-1579134871,1579134974.496,0.8,0.14,0.79,0.15
model-1579134871,1579134974.57,0.83,0.13,0.74,0.16
model-1579134871,1579134974.643,0.78,0.17,0.68,0.2
model-1579134871,1579134974.714,0.78,0.16,0.75,0.17
model-1579134871,1579134974.816,0.75,0.15,0.82,0.14
model-1579134871,1579134974.903,0.78,0.15,0.76,0.15
model-1579134871,1579134974.977,0.82,0.12,0.78,0.13
model-1579134871,1579134975.048,0.78,0.14,0.75,0.17
model-1579134871,1579134975.121,0.83,0.12,0.73,0.2
model-1579134871,1579134975.215,0.79,0.14,0.82,0.14
model-1579134871,1579134975.29,0.76,0.16,0.83,0.14
model-1579134871,1579134975.365,0.79,0.14,0.79,0.16
model-1579134871,1579134975.441,0.71,0.18,0.78,0.15
model-1579134871,1579134975.516,0.76,0.2,0.76,0.16
model-1579134871,1579134975.598,0.8,0.15,0.83,0.14
model-1579134871,1579134975.673,0.71,0.17,0.82,0.13
model-1579134871,1579134975.75,0.74,0.15,0.74,0.16
model-1579134871,1579134975.819,0.79,0.16,0.77,0.15
model-1579134871,1579134975.896,0.78,0.14,0.76,0.16
model-1579134871,1579134975.971,0.82,0.14,0.74,0.17
model-1579134871,1579134976.047,0.76,0.16,0.69,0.19
model-1579134871,1579134976.119,0.84,0.12,0.76,0.17
model-1579134871,1579134976.192,0.79,0.16,0.72,0.19
model-1579134871,1579134976.268,0.87,0.12,0.7,0.19
model-1579134871,1579134976.343,0.81,0.14,0.77,0.15
model-1579134871,1579134976.419,0.77,0.16,0.71,0.2
model-1579134871,1579134976.498,0.79,0.15,0.79,0.14
model-1579134871,1579134976.575,0.81,0.14,0.8,0.15
model-1579134871,1579134976.647,0.79,0.16,0.73,0.17
model-1579134871,1579134976.72,0.8,0.15,0.82,0.14
model-1579134871,1579134976.799,0.89,0.1,0.77,0.16
model-1579134871,1579134976.873,0.84,0.11,0.7,0.17
model-1579134871,1579134976.948,0.83,0.14,0.73,0.17
model-1579134871,1579134977.019,0.78,0.16,0.75,0.15
model-1579134871,1579134977.113,0.8,0.14,0.81,0.14
model-1579134871,1579134977.216,0.83,0.12,0.76,0.16
model-1579134871,1579134977.288,0.79,0.15,0.81,0.16
model-1579134871,1579134977.36,0.8,0.14,0.82,0.13
model-1579134871,1579134977.455,0.81,0.12,0.79,0.15
model-1579134871,1579134977.546,0.86,0.11,0.73,0.18
model-1579134871,1579134977.63,0.73,0.18,0.71,0.18
model-1579134871,1579134977.706,0.74,0.19,0.76,0.14
model-1579134871,1579134977.781,0.75,0.17,0.76,0.15
model-1579134871,1579134977.853,0.81,0.15,0.82,0.16
model-1579134871,1579134977.926,0.76,0.17,0.72,0.17
model-1579134871,1579134978.001,0.81,0.15,0.68,0.21
model-1579134871,1579134978.075,0.74,0.16,0.69,0.19
model-1579134871,1579134978.149,0.79,0.17,0.72,0.2
model-1579134871,1579134978.222,0.71,0.2,0.77,0.16
model-1579134871,1579134978.294,0.88,0.1,0.81,0.16
model-1579134871,1579134978.37,0.78,0.16,0.71,0.16
model-1579134871,1579134978.443,0.85,0.13,0.74,0.19
model-1579134871,1579134978.517,0.8,0.15,0.76,0.17
model-1579134871,1579134978.601,0.7,0.19,0.72,0.18
model-1579134871,1579134978.69,0.83,0.13,0.81,0.14
model-1579134871,1579134978.764,0.83,0.14,0.79,0.14
model-1579134871,1579134978.84,0.84,0.12,0.76,0.16
model-1579134871,1579134978.915,0.81,0.13,0.78,0.15
model-1579134871,1579134979.005,0.78,0.16,0.75,0.15
model-1579134871,1579134979.1,0.86,0.12,0.8,0.14
model-1579134871,1579134979.206,0.87,0.13,0.77,0.16
model-1579134871,1579134979.301,0.76,0.15,0.72,0.18
model-1579134871,1579134979.38,0.77,0.17,0.77,0.17
model-1579134871,1579134979.471,0.79,0.14,0.84,0.15
model-1579134871,1579134979.545,0.82,0.13,0.79,0.16
model-1579134871,1579134979.617,0.85,0.1,0.79,0.15
model-1579134871,1579134979.711,0.84,0.12,0.79,0.14
model-1579134871,1579134979.785,0.76,0.16,0.77,0.17
model-1579134871,1579134979.856,0.83,0.13,0.77,0.15
model-1579134871,1579134979.934,0.9,0.11,0.74,0.19
model-1579134871,1579134980.011,0.75,0.19,0.79,0.14
model-1579134871,1579134980.086,0.85,0.12,0.76,0.16
model-1579134871,1579134980.159,0.79,0.15,0.75,0.18
model-1579134871,1579134980.235,0.82,0.13,0.77,0.16
model-1579134871,1579134980.292,0.85,0.14,0.74,0.17
model-1579134871,1579134980.372,0.77,0.17,0.78,0.15
model-1579134871,1579134980.448,0.83,0.12,0.79,0.15
model-1579134871,1579134980.541,0.82,0.14,0.77,0.16
model-1579134871,1579134980.634,0.79,0.15,0.76,0.17
model-1579134871,1579134980.716,0.8,0.15,0.76,0.15
model-1579134871,1579134980.789,0.81,0.13,0.81,0.15
model-1579134871,1579134980.883,0.78,0.16,0.76,0.17
model-1579134871,1579134980.968,0.82,0.14,0.81,0.14
model-1579134871,1579134981.043,0.84,0.13,0.76,0.17
model-1579134871,1579134981.116,0.83,0.12,0.78,0.16
model-1579134871,1579134981.189,0.78,0.17,0.77,0.17
model-1579134871,1579134981.259,0.75,0.17,0.75,0.18
model-1579134871,1579134981.336,0.85,0.11,0.75,0.19
model-1579134871,1579134981.429,0.81,0.13,0.72,0.16
model-1579134871,1579134981.504,0.82,0.13,0.82,0.14
model-1579134871,1579134981.577,0.75,0.16,0.75,0.17
model-1579134871,1579134981.673,0.77,0.15,0.75,0.19
model-1579134871,1579134981.768,0.82,0.13,0.77,0.15
model-1579134871,1579134981.844,0.85,0.11,0.76,0.18
model-1579134871,1579134981.917,0.8,0.14,0.78,0.16
model-1579134871,1579134982.012,0.86,0.11,0.77,0.17
model-1579134871,1579134982.086,0.76,0.15,0.76,0.19
model-1579134871,1579134982.156,0.78,0.16,0.79,0.15
model-1579134871,1579134982.227,0.81,0.14,0.8,0.15
model-1579134871,1579134982.303,0.84,0.11,0.77,0.16
model-1579134871,1579134982.377,0.76,0.16,0.73,0.18
model-1579134871,1579134982.451,0.84,0.11,0.73,0.17
model-1579134871,1579134982.522,0.77,0.13,0.81,0.15
model-1579134871,1579134982.598,0.81,0.14,0.77,0.16
model-1579134871,1579134982.671,0.86,0.11,0.8,0.15
model-1579134871,1579134982.747,0.82,0.13,0.7,0.19
model-1579134871,1579134982.841,0.76,0.14,0.81,0.16
model-1579134871,1579134982.937,0.85,0.11,0.77,0.16
model-1579134871,1579134983.026,0.89,0.09,0.76,0.17
model-1579134871,1579134983.11,0.81,0.13,0.77,0.17
model-1579134871,1579134983.183,0.74,0.16,0.77,0.16
model-1579134871,1579134983.278,0.84,0.15,0.75,0.19
model-1579134871,1579134983.39,0.79,0.16,0.74,0.17
model-1579134871,1579134983.489,0.87,0.1,0.74,0.18
model-1579134871,1579134983.583,0.8,0.14,0.8,0.15
model-1579134871,1579134983.678,0.84,0.13,0.86,0.12
model-1579134871,1579134983.764,0.85,0.12,0.8,0.15
model-1579134871,1579134983.839,0.82,0.15,0.79,0.15
model-1579134871,1579134983.914,0.86,0.12,0.77,0.15
model-1579134871,1579134984.01,0.9,0.09,0.74,0.18
model-1579134871,1579134984.104,0.75,0.16,0.71,0.2
model-1579134871,1579134984.182,0.76,0.16,0.82,0.13
model-1579134871,1579134984.254,0.84,0.12,0.82,0.15
model-1579134871,1579134984.354,0.78,0.16,0.83,0.12
model-1579134871,1579134984.47,0.84,0.12,0.78,0.14
model-1579134871,1579134984.545,0.8,0.14,0.78,0.15
model-1579134871,1579134984.62,0.75,0.14,0.79,0.15
model-1579134871,1579134984.716,0.84,0.12,0.8,0.14
model-1579134871,1579134984.788,0.77,0.15,0.75,0.19
model-1579134871,1579134984.861,0.85,0.11,0.76,0.17
model-1579134871,1579134984.936,0.81,0.15,0.76,0.17
model-1579134871,1579134985.012,0.74,0.17,0.79,0.17
model-1579134871,1579134985.109,0.74,0.19,0.76,0.15
model-1579134871,1579134985.184,0.8,0.13,0.76,0.17
model-1579134871,1579134985.256,0.88,0.1,0.75,0.16
model-1579134871,1579134985.327,0.87,0.11,0.78,0.14
model-1579134871,1579134985.402,0.75,0.16,0.75,0.17
model-1579134871,1579134985.481,0.82,0.13,0.81,0.16
model-1579134871,1579134985.575,0.88,0.1,0.77,0.15
model-1579134871,1579134985.673,0.83,0.13,0.79,0.15
model-1579134871,1579134985.749,0.82,0.13,0.86,0.13
model-1579134871,1579134985.824,0.81,0.12,0.78,0.15
model-1579134871,1579134985.917,0.82,0.13,0.8,0.14
model-1579134871,1579134985.99,0.81,0.15,0.74,0.19
model-1579134871,1579134986.061,0.84,0.12,0.79,0.14
model-1579134871,1579134986.14,0.79,0.14,0.78,0.15
model-1579134871,1579134986.227,0.91,0.09,0.79,0.14
model-1579134871,1579134986.299,0.81,0.14,0.73,0.17
model-1579134871,1579134986.375,0.8,0.13,0.84,0.13
model-1579134871,1579134986.452,0.94,0.07,0.75,0.18
model-1579134871,1579134986.524,0.8,0.14,0.81,0.13
model-1579134871,1579134986.608,0.79,0.13,0.74,0.16
model-1579134871,1579134986.7,0.78,0.16,0.79,0.14
model-1579134871,1579134986.778,0.78,0.15,0.74,0.18
model-1579134871,1579134986.852,0.8,0.14,0.74,0.2
model-1579134871,1579134986.925,0.86,0.11,0.77,0.15
model-1579134871,1579134986.996,0.84,0.11,0.75,0.18
model-1579134871,1579134987.079,0.85,0.11,0.78,0.16
model-1579134871,1579134987.152,0.88,0.09,0.71,0.17
model-1579134871,1579134987.258,0.89,0.09,0.77,0.16
model-1579134871,1579134987.353,0.86,0.1,0.83,0.14
model-1579134871,1579134987.425,0.79,0.14,0.78,0.15
model-1579134871,1579134987.497,0.88,0.11,0.78,0.15
model-1579134871,1579134987.592,0.85,0.1,0.74,0.18
model-1579134871,1579134987.687,0.86,0.1,0.78,0.16
model-1579134871,1579134987.76,0.83,0.13,0.76,0.17
model-1579134871,1579134987.831,0.84,0.12,0.82,0.13
model-1579134871,1579134987.906,0.88,0.11,0.75,0.15
model-1579134871,1579134987.998,0.78,0.14,0.8,0.14
model-1579134871,1579134988.08,0.81,0.12,0.77,0.17
model-1579134871,1579134988.154,0.86,0.1,0.76,0.16
model-1579134871,1579134988.227,0.85,0.12,0.78,0.17
model-1579134871,1579134988.297,0.86,0.12,0.78,0.16
model-1579134871,1579134988.374,0.81,0.13,0.79,0.15
model-1579134871,1579134988.452,0.83,0.11,0.77,0.16
model-1579134871,1579134988.532,0.79,0.16,0.78,0.17
model-1579134871,1579134988.607,0.86,0.11,0.79,0.14
model-1579134871,1579134988.7,0.84,0.13,0.82,0.13
model-1579134871,1579134988.792,0.83,0.14,0.82,0.14
model-1579134871,1579134988.867,0.81,0.13,0.69,0.2
model-1579134871,1579134988.94,0.73,0.17,0.76,0.17
model-1579134871,1579134989.028,0.85,0.11,0.73,0.17
model-1579134871,1579134989.098,0.85,0.11,0.75,0.17
model-1579134871,1579134989.189,0.77,0.14,0.81,0.15
model-1579134871,1579134989.26,0.81,0.14,0.81,0.15
model-1579134871,1579134989.33,0.86,0.12,0.81,0.15
model-1579134871,1579134989.406,0.84,0.13,0.79,0.17
model-1579134871,1579134989.486,0.87,0.11,0.77,0.14
model-1579134871,1579134989.558,0.81,0.15,0.76,0.16
model-1579134871,1579134989.63,0.81,0.14,0.77,0.17
model-1579134871,1579134989.7,0.81,0.13,0.77,0.15
model-1579134871,1579134989.773,0.8,0.14,0.69,0.2
model-1579134871,1579134989.85,0.84,0.1,0.87,0.12
model-1579134871,1579134989.922,0.78,0.16,0.8,0.14
model-1579134871,1579134989.996,0.86,0.1,0.8,0.14
model-1579134871,1579134990.068,0.8,0.13,0.82,0.13
model-1579134871,1579134990.143,0.8,0.15,0.76,0.15
model-1579134871,1579134990.215,0.9,0.09,0.76,0.15
model-1579134871,1579134990.288,0.88,0.11,0.71,0.17
model-1579134871,1579134990.362,0.84,0.12,0.81,0.14
model-1579134871,1579134990.435,0.83,0.12,0.78,0.15
model-1579134871,1579134990.511,0.8,0.14,0.8,0.12
model-1579134871,1579134990.605,0.84,0.11,0.78,0.15
model-1579134871,1579134990.68,0.83,0.15,0.79,0.14
model-1579134871,1579134990.751,0.85,0.1,0.71,0.19
model-1579134871,1579134990.824,0.79,0.14,0.79,0.16
model-1579134871,1579134990.894,0.78,0.13,0.82,0.13
model-1579134871,1579134990.969,0.75,0.16,0.8,0.14
model-1579134871,1579134991.043,0.87,0.1,0.77,0.16
model-1579134871,1579134991.119,0.72,0.17,0.79,0.14
model-1579134871,1579134991.194,0.8,0.15,0.74,0.16
model-1579134871,1579134991.265,0.86,0.12,0.74,0.19
model-1579134871,1579134991.36,0.87,0.11,0.77,0.16
model-1579134871,1579134991.435,0.77,0.16,0.81,0.15
model-1579134871,1579134991.508,0.8,0.13,0.74,0.16
model-1579134871,1579134991.578,0.78,0.14,0.76,0.16
model-1579134871,1579134991.648,0.83,0.13,0.76,0.15
model-1579134871,1579134991.724,0.8,0.14,0.79,0.17
model-1579134871,1579134991.8,0.78,0.15,0.79,0.15
model-1579134871,1579134991.897,0.84,0.13,0.8,0.13
model-1579134871,1579134991.993,0.81,0.15,0.8,0.14
model-1579134871,1579134992.071,0.78,0.15,0.71,0.21
model-1579134871,1579134992.144,0.81,0.16,0.82,0.13
model-1579134871,1579134992.216,0.86,0.12,0.79,0.16
model-1579134871,1579134992.301,0.76,0.18,0.82,0.14
model-1579134871,1579134992.395,0.8,0.13,0.72,0.18
model-1579134871,1579134992.485,0.86,0.11,0.76,0.15
model-1579134871,1579134992.567,0.8,0.15,0.78,0.17
model-1579134871,1579134992.64,0.8,0.15,0.77,0.17
model-1579134871,1579134992.711,0.79,0.13,0.75,0.17
model-1579134871,1579134992.782,0.82,0.13,0.8,0.14
model-1579134871,1579134992.874,0.8,0.13,0.78,0.14
model-1579134871,1579134992.968,0.82,0.13,0.75,0.16
model-1579134871,1579134993.044,0.84,0.13,0.74,0.15
model-1579134871,1579134993.115,0.79,0.14,0.75,0.15
model-1579134871,1579134993.188,0.83,0.14,0.76,0.16
model-1579134871,1579134993.282,0.84,0.12,0.78,0.15
model-1579134871,1579134993.375,0.79,0.15,0.72,0.19
model-1579134871,1579134993.448,0.73,0.18,0.86,0.13
model-1579134871,1579134993.546,0.83,0.12,0.75,0.17
model-1579134871,1579134993.634,0.77,0.15,0.75,0.16
model-1579134871,1579134993.707,0.81,0.14,0.79,0.15
model-1579134871,1579134993.778,0.79,0.15,0.84,0.13
model-1579134871,1579134993.85,0.87,0.12,0.77,0.16
model-1579134871,1579134993.944,0.81,0.12,0.71,0.2
model-1579134871,1579134994.038,0.8,0.15,0.77,0.17
model-1579134871,1579134994.152,0.87,0.1,0.84,0.14
model-1579134871,1579134994.248,0.8,0.14,0.73,0.18
model-1579134871,1579134994.341,0.89,0.11,0.78,0.18
model-1579134871,1579134994.415,0.81,0.14,0.81,0.13
model-1579134871,1579134994.49,0.77,0.15,0.74,0.16
model-1579134871,1579134994.586,0.87,0.13,0.82,0.14
model-1579134871,1579134994.679,0.82,0.13,0.82,0.13
model-1579134871,1579134994.749,0.82,0.13,0.84,0.13
model-1579134871,1579134994.821,0.85,0.12,0.86,0.14
model-1579134871,1579134994.915,0.89,0.08,0.75,0.16
model-1579134871,1579134995.01,0.86,0.1,0.71,0.21
model-1579134871,1579134995.081,0.86,0.13,0.83,0.13
model-1579134871,1579134995.151,0.83,0.15,0.81,0.14
model-1579134871,1579134995.223,0.83,0.13,0.78,0.15
model-1579134871,1579134995.299,0.84,0.12,0.81,0.13
model-1579134871,1579134995.375,0.82,0.14,0.76,0.16
model-1579134871,1579134995.468,0.83,0.14,0.79,0.17
model-1579134871,1579134995.576,0.85,0.11,0.78,0.15
model-1579134871,1579134995.673,0.84,0.11,0.81,0.15
model-1579134871,1579134995.754,0.74,0.16,0.71,0.19
model-1579134871,1579134995.829,0.78,0.17,0.8,0.16
model-1579134871,1579134995.911,0.76,0.16,0.74,0.2
model-1579134871,1579134995.982,0.79,0.14,0.79,0.14
model-1579134871,1579134996.053,0.75,0.17,0.81,0.15
model-1579134871,1579134996.128,0.82,0.14,0.72,0.19
model-1579134871,1579134996.205,0.77,0.15,0.79,0.14
model-1579134871,1579134996.3,0.76,0.16,0.7,0.18
model-1579134871,1579134996.375,0.75,0.18,0.78,0.15
model-1579134871,1579134996.45,0.89,0.1,0.81,0.16
model-1579134871,1579134996.526,0.79,0.14,0.77,0.17
model-1579134871,1579134996.6,0.85,0.11,0.75,0.16
model-1579134871,1579134996.675,0.78,0.14,0.75,0.17
model-1579134871,1579134996.747,0.76,0.18,0.75,0.18
model-1579134871,1579134996.842,0.84,0.12,0.81,0.16
model-1579134871,1579134996.92,0.87,0.11,0.8,0.14
model-1579134871,1579134996.998,0.87,0.1,0.75,0.17
model-1579134871,1579134997.072,0.85,0.12,0.74,0.19
model-1579134871,1579134997.146,0.82,0.15,0.81,0.15
model-1579134871,1579134997.217,0.85,0.11,0.79,0.17
model-1579134871,1579134997.312,0.84,0.12,0.75,0.16
model-1579134871,1579134997.397,0.78,0.15,0.8,0.15
model-1579134871,1579134997.478,0.75,0.18,0.75,0.19
model-1579134871,1579134997.55,0.82,0.13,0.73,0.21
model-1579134871,1579134997.638,0.82,0.13,0.75,0.15
model-1579134871,1579134997.713,0.86,0.11,0.81,0.13
model-1579134871,1579134997.788,0.87,0.11,0.77,0.16
model-1579134871,1579134997.864,0.8,0.14,0.79,0.17
model-1579134871,1579134997.94,0.85,0.11,0.83,0.11
model-1579134871,1579134998.012,0.88,0.09,0.81,0.15
model-1579134871,1579134998.085,0.74,0.19,0.76,0.15
model-1579134871,1579134998.156,0.87,0.11,0.75,0.17
model-1579134871,1579134998.232,0.78,0.15,0.74,0.17
model-1579134871,1579134998.306,0.79,0.13,0.77,0.15
model-1579134871,1579134998.367,0.85,0.12,0.77,0.15
model-1579134871,1579134998.467,0.78,0.15,0.72,0.16
model-1579134871,1579134998.556,0.81,0.13,0.74,0.17
model-1579134871,1579134998.632,0.77,0.14,0.79,0.15
model-1579134871,1579134998.708,0.79,0.15,0.75,0.16
model-1579134871,1579134998.782,0.83,0.14,0.75,0.17
model-1579134871,1579134998.855,0.83,0.13,0.81,0.15
model-1579134871,1579134998.948,0.78,0.16,0.86,0.09
model-1579134871,1579134999.018,0.81,0.14,0.83,0.13
model-1579134871,1579134999.091,0.85,0.12,0.83,0.15
model-1579134871,1579134999.166,0.84,0.11,0.84,0.13
model-1579134871,1579134999.24,0.79,0.16,0.75,0.16
model-1579134871,1579134999.313,0.75,0.16,0.81,0.14
model-1579134871,1579134999.386,0.87,0.11,0.79,0.16
model-1579134871,1579134999.458,0.8,0.13,0.76,0.16
model-1579134871,1579134999.536,0.81,0.13,0.82,0.13
model-1579134871,1579134999.609,0.79,0.14,0.75,0.17
model-1579134871,1579134999.683,0.81,0.14,0.7,0.18
model-1579134871,1579134999.775,0.81,0.13,0.69,0.23
model-1579134871,1579134999.869,0.86,0.11,0.74,0.2
model-1579134871,1579134999.943,0.83,0.13,0.76,0.18
model-1579134871,1579135000.018,0.82,0.11,0.74,0.15
model-1579134871,1579135000.09,0.81,0.13,0.78,0.13
model-1579134871,1579135000.187,0.82,0.16,0.82,0.14
model-1579134871,1579135000.28,0.85,0.13,0.75,0.17
model-1579134871,1579135000.353,0.88,0.1,0.8,0.17
model-1579134871,1579135000.448,0.81,0.15,0.83,0.13
model-1579134871,1579135000.538,0.87,0.09,0.83,0.12
model-1579134871,1579135000.611,0.78,0.12,0.76,0.16
model-1579134871,1579135000.685,0.86,0.12,0.81,0.15
model-1579134871,1579135000.757,0.85,0.11,0.82,0.15
model-1579134871,1579135000.839,0.89,0.1,0.8,0.16
model-1579134871,1579135000.922,0.85,0.12,0.75,0.17
model-1579134871,1579135001.018,0.88,0.11,0.72,0.18
model-1579134871,1579135001.088,0.91,0.09,0.79,0.14
model-1579134871,1579135001.166,0.85,0.12,0.82,0.14
model-1579134871,1579135001.24,0.8,0.14,0.76,0.17
model-1579134871,1579135001.314,0.82,0.13,0.77,0.17
model-1579134871,1579135001.386,0.77,0.17,0.69,0.22
model-1579134871,1579135001.458,0.86,0.1,0.78,0.16
model-1579134871,1579135001.533,0.84,0.11,0.75,0.19
model-1579134871,1579135001.621,0.83,0.12,0.78,0.16
model-1579134871,1579135001.714,0.85,0.11,0.79,0.15
model-1579134871,1579135001.787,0.84,0.13,0.78,0.16
model-1579134871,1579135001.857,0.84,0.12,0.79,0.17
model-1579134871,1579135001.937,0.87,0.11,0.79,0.16
model-1579134871,1579135002.01,0.74,0.17,0.77,0.16
model-1579134871,1579135002.085,0.77,0.15,0.75,0.18
model-1579134871,1579135002.154,0.81,0.12,0.79,0.16
model-1579134871,1579135002.248,0.76,0.16,0.76,0.16
model-1579134871,1579135002.361,0.83,0.12,0.77,0.17
model-1579134871,1579135002.437,0.82,0.13,0.79,0.15
model-1579134871,1579135002.512,0.8,0.12,0.76,0.17
model-1579134871,1579135002.611,0.84,0.11,0.78,0.17
model-1579134871,1579135002.725,0.82,0.15,0.78,0.15
model-1579134871,1579135002.803,0.92,0.08,0.72,0.2
model-1579134871,1579135002.877,0.81,0.14,0.81,0.15
model-1579134871,1579135002.973,0.77,0.17,0.77,0.17
model-1579134871,1579135003.069,0.75,0.18,0.79,0.15
model-1579134871,1579135003.145,0.81,0.13,0.74,0.19
model-1579134871,1579135003.221,0.9,0.09,0.79,0.15
model-1579134871,1579135003.316,0.85,0.11,0.77,0.16
model-1579134871,1579135003.387,0.82,0.15,0.8,0.15
model-1579134871,1579135003.459,0.82,0.13,0.81,0.14
model-1579134871,1579135003.538,0.89,0.08,0.78,0.15
model-1579134871,1579135003.631,0.82,0.12,0.84,0.13
model-1579134871,1579135003.748,0.83,0.12,0.79,0.15
model-1579134871,1579135003.843,0.86,0.1,0.8,0.14
model-1579134871,1579135003.937,0.85,0.11,0.75,0.18
model-1579134871,1579135004.016,0.79,0.14,0.78,0.14
model-1579134871,1579135004.088,0.86,0.11,0.72,0.16
model-1579134871,1579135004.187,0.82,0.13,0.74,0.17
model-1579134871,1579135004.279,0.87,0.09,0.79,0.17
model-1579134871,1579135004.351,0.84,0.13,0.8,0.14
model-1579134871,1579135004.422,0.76,0.12,0.77,0.19
model-1579134871,1579135004.505,0.94,0.07,0.76,0.16
model-1579134871,1579135004.582,0.8,0.13,0.78,0.15
model-1579134871,1579135004.656,0.83,0.14,0.83,0.11
model-1579134871,1579135004.727,0.82,0.13,0.8,0.15
model-1579134871,1579135004.803,0.8,0.14,0.72,0.19
model-1579134871,1579135004.877,0.8,0.14,0.79,0.15
model-1579134871,1579135004.95,0.87,0.1,0.87,0.12
model-1579134871,1579135005.022,0.82,0.11,0.75,0.18
model-1579134871,1579135005.094,0.85,0.1,0.75,0.18
model-1579134871,1579135005.169,0.89,0.08,0.79,0.15
model-1579134871,1579135005.243,0.9,0.07,0.83,0.12
model-1579134871,1579135005.317,0.88,0.1,0.85,0.12
model-1579134871,1579135005.39,0.85,0.1,0.81,0.14
model-1579134871,1579135005.46,0.89,0.1,0.73,0.19
model-1579134871,1579135005.536,0.89,0.09,0.78,0.16
model-1579134871,1579135005.61,0.86,0.1,0.79,0.15
model-1579134871,1579135005.685,0.82,0.12,0.83,0.14
model-1579134871,1579135005.757,0.86,0.11,0.72,0.2
model-1579134871,1579135005.828,0.83,0.12,0.79,0.15
model-1579134871,1579135005.903,0.8,0.14,0.81,0.14
model-1579134871,1579135005.979,0.8,0.13,0.78,0.14
model-1579134871,1579135006.063,0.83,0.1,0.85,0.13
model-1579134871,1579135006.141,0.83,0.11,0.81,0.14
model-1579134871,1579135006.218,0.86,0.11,0.7,0.2
model-1579134871,1579135006.292,0.87,0.11,0.83,0.12
model-1579134871,1579135006.363,0.92,0.1,0.82,0.12
model-1579134871,1579135006.454,0.78,0.16,0.76,0.18
model-1579134871,1579135006.525,0.82,0.12,0.82,0.16
model-1579134871,1579135006.6,0.88,0.11,0.84,0.12
model-1579134871,1579135006.674,0.84,0.13,0.71,0.2
model-1579134871,1579135006.751,0.88,0.11,0.68,0.22
model-1579134871,1579135006.823,0.81,0.14,0.82,0.13
model-1579134871,1579135006.897,0.87,0.1,0.74,0.16
model-1579134871,1579135006.974,0.85,0.12,0.77,0.17
model-1579134871,1579135007.059,0.88,0.09,0.71,0.21
model-1579134871,1579135007.131,0.8,0.13,0.78,0.16
model-1579134871,1579135007.207,0.85,0.11,0.86,0.13
model-1579134871,1579135007.281,0.8,0.13,0.75,0.19
model-1579134871,1579135007.381,0.86,0.11,0.8,0.14
model-1579134871,1579135007.478,0.8,0.14,0.81,0.13
model-1579134871,1579135007.553,0.85,0.11,0.7,0.2
model-1579134871,1579135007.624,0.84,0.11,0.77,0.16
model-1579134871,1579135007.719,0.84,0.12,0.82,0.15
model-1579134871,1579135007.815,0.88,0.08,0.72,0.19
model-1579134871,1579135007.89,0.82,0.13,0.79,0.15
model-1579134871,1579135007.959,0.88,0.1,0.75,0.17
model-1579134871,1579135008.032,0.9,0.1,0.73,0.19
model-1579134871,1579135008.105,0.82,0.14,0.74,0.19
model-1579134871,1579135008.181,0.81,0.11,0.8,0.14
model-1579134871,1579135008.276,0.84,0.12,0.8,0.14
model-1579134871,1579135008.352,0.82,0.11,0.66,0.2
model-1579134871,1579135008.424,0.83,0.1,0.75,0.17
model-1579134871,1579135008.499,0.76,0.16,0.76,0.17
model-1579134871,1579135008.573,0.87,0.11,0.81,0.14
model-1579134871,1579135008.677,0.84,0.12,0.71,0.18
model-1579134871,1579135008.766,0.84,0.11,0.74,0.17
model-1579134871,1579135008.857,0.76,0.17,0.73,0.18
model-1579134871,1579135008.927,0.83,0.12,0.78,0.16
model-1579134871,1579135009.0,0.78,0.14,0.8,0.15
model-1579134871,1579135009.075,0.87,0.1,0.79,0.15
model-1579134871,1579135009.158,0.74,0.17,0.76,0.16
model-1579134871,1579135009.232,0.76,0.15,0.76,0.16
model-1579134871,1579135009.308,0.87,0.11,0.83,0.12
model-1579134871,1579135009.383,0.85,0.11,0.79,0.14
model-1579134871,1579135009.468,0.81,0.14,0.76,0.17
model-1579134871,1579135009.543,0.84,0.12,0.8,0.14
model-1579134871,1579135009.618,0.77,0.15,0.77,0.14
model-1579134871,1579135009.691,0.78,0.13,0.76,0.16
model-1579134871,1579135009.761,0.85,0.12,0.81,0.12
model-1579134871,1579135009.829,0.83,0.13,0.77,0.15
model-1579134871,1579135009.917,0.81,0.12,0.75,0.18
model-1579134871,1579135009.996,0.75,0.17,0.78,0.16
model-1579134871,1579135010.066,0.78,0.15,0.67,0.2
model-1579134871,1579135010.151,0.79,0.16,0.76,0.18
model-1579134871,1579135010.256,0.84,0.12,0.7,0.2
model-1579134871,1579135010.346,0.77,0.18,0.7,0.2
model-1579134871,1579135010.419,0.76,0.16,0.82,0.15
model-1579134871,1579135010.492,0.81,0.13,0.8,0.15
model-1579134871,1579135010.564,0.82,0.12,0.83,0.13
model-1579134871,1579135010.632,0.85,0.12,0.74,0.19
model-1579134871,1579135010.704,0.87,0.12,0.74,0.19
model-1579134871,1579135010.775,0.75,0.17,0.74,0.18
model-1579134871,1579135010.849,0.83,0.11,0.77,0.15
model-1579134871,1579135010.918,0.85,0.11,0.73,0.2
model-1579134871,1579135011.0,0.79,0.15,0.77,0.15
model-1579134871,1579135011.074,0.84,0.12,0.78,0.17
model-1579134871,1579135011.148,0.83,0.15,0.8,0.15
model-1579134871,1579135011.239,0.81,0.14,0.73,0.16
model-1579134871,1579135011.33,0.74,0.17,0.76,0.15
model-1579134871,1579135011.411,0.79,0.16,0.83,0.13
model-1579134871,1579135011.487,0.85,0.11,0.78,0.15
model-1579134871,1579135011.559,0.84,0.13,0.8,0.16
model-1579134871,1579135011.632,0.82,0.13,0.71,0.21
model-1579134871,1579135011.71,0.8,0.16,0.72,0.18
model-1579134871,1579135011.779,0.79,0.15,0.73,0.16
model-1579134871,1579135011.861,0.82,0.13,0.71,0.18
model-1579134871,1579135011.935,0.83,0.12,0.78,0.16
model-1579134871,1579135012.007,0.89,0.09,0.77,0.17
model-1579134871,1579135012.076,0.82,0.13,0.75,0.22
model-1579134871,1579135012.165,0.88,0.1,0.78,0.17
model-1579134871,1579135012.24,0.8,0.15,0.7,0.19
model-1579134871,1579135012.309,0.78,0.15,0.75,0.18
model-1579134871,1579135012.394,0.79,0.15,0.84,0.14
model-1579134871,1579135012.465,0.86,0.11,0.78,0.15
model-1579134871,1579135012.538,0.84,0.12,0.74,0.19
model-1579134871,1579135012.629,0.84,0.13,0.81,0.14
model-1579134871,1579135012.702,0.91,0.08,0.78,0.16
model-1579134871,1579135012.775,0.88,0.1,0.82,0.14
model-1579134871,1579135012.846,0.86,0.12,0.78,0.16
model-1579134871,1579135012.914,0.79,0.14,0.75,0.16
model-1579134871,1579135012.981,0.83,0.13,0.74,0.2
model-1579134871,1579135013.049,0.87,0.1,0.75,0.17
model-1579134871,1579135013.119,0.81,0.14,0.72,0.17
model-1579134871,1579135013.19,0.77,0.13,0.76,0.16
model-1579134871,1579135013.266,0.88,0.11,0.78,0.14
model-1579134871,1579135013.338,0.86,0.1,0.77,0.15
model-1579134871,1579135013.411,0.76,0.16,0.83,0.13
model-1579134871,1579135013.482,0.8,0.13,0.81,0.14
model-1579134871,1579135013.553,0.79,0.14,0.73,0.16
model-1579134871,1579135013.629,0.83,0.12,0.77,0.14
model-1579134871,1579135013.714,0.75,0.16,0.75,0.16
model-1579134871,1579135013.785,0.77,0.15,0.73,0.19
model-1579134871,1579135013.878,0.84,0.11,0.77,0.17
model-1579134871,1579135013.95,0.83,0.14,0.82,0.15
model-1579134871,1579135014.038,0.78,0.18,0.75,0.17
model-1579134871,1579135014.138,0.87,0.11,0.76,0.17
model-1579134871,1579135014.228,0.83,0.13,0.77,0.16
model-1579134871,1579135014.322,0.87,0.1,0.81,0.14
model-1579134871,1579135014.418,0.78,0.14,0.83,0.11
model-1579134871,1579135014.507,0.73,0.17,0.73,0.19
model-1579134871,1579135014.588,0.84,0.11,0.82,0.13
model-1579134871,1579135014.661,0.86,0.11,0.79,0.16
model-1579134871,1579135014.756,0.88,0.09,0.75,0.16
model-1579134871,1579135014.845,0.86,0.1,0.69,0.23
model-1579134871,1579135014.918,0.87,0.12,0.75,0.18
model-1579134871,1579135015.012,0.86,0.11,0.72,0.19
model-1579134871,1579135015.107,0.81,0.12,0.83,0.13
model-1579134871,1579135015.204,0.82,0.13,0.74,0.2
model-1579134871,1579135015.277,0.77,0.16,0.71,0.21
model-1579134871,1579135015.348,0.83,0.13,0.78,0.17
model-1579134871,1579135015.442,0.81,0.14,0.77,0.16
model-1579134871,1579135015.518,0.82,0.12,0.8,0.15
model-1579134871,1579135015.615,0.86,0.11,0.77,0.15
model-1579134871,1579135015.708,0.85,0.12,0.83,0.13
model-1579134871,1579135015.803,0.87,0.1,0.82,0.15
model-1579134871,1579135015.9,0.86,0.1,0.8,0.15
model-1579134871,1579135015.976,0.76,0.19,0.81,0.15
model-1579134871,1579135016.073,0.88,0.09,0.79,0.15
model-1579134871,1579135016.156,0.81,0.14,0.85,0.13
model-1579134871,1579135016.234,0.84,0.12,0.83,0.14
model-1579134871,1579135016.315,0.87,0.11,0.78,0.14
